{
"contracts/BruRouter.sol":{"l":{"25":56,"26":28,"27":28,"36":64,"52":19,"68":20,"82":15,"91":9,"100":2,"108":2,"117":63,"118":63,"126":3},"path":"/Users/mr.d/Documents/Bru Finance/brufinancev2/upgradeable-contract/contracts/BruRouter.sol","s":{"1":56,"2":28,"3":28,"4":64,"5":19,"6":20,"7":15,"8":9,"9":2,"10":2,"11":63,"12":63,"13":3},"b":{"1":[28,28],"2":[2,1]},"f":{"1":56,"2":64,"3":19,"4":20,"5":15,"6":9,"7":2,"8":2,"9":63,"10":3},"fnMap":{"1":{"name":"initialize","line":24,"loc":{"start":{"line":24,"column":4},"end":{"line":28,"column":4}}},"2":{"name":"getPoolAddress","line":35,"loc":{"start":{"line":35,"column":4},"end":{"line":37,"column":4}}},"3":{"name":"borrow","line":46,"loc":{"start":{"line":46,"column":4},"end":{"line":53,"column":4}}},"4":{"name":"repay","line":62,"loc":{"start":{"line":62,"column":4},"end":{"line":69,"column":4}}},"5":{"name":"deposit","line":77,"loc":{"start":{"line":77,"column":4},"end":{"line":83,"column":4}}},"6":{"name":"withdraw","line":90,"loc":{"start":{"line":90,"column":4},"end":{"line":92,"column":4}}},"7":{"name":"getPoolDetails","line":99,"loc":{"start":{"line":99,"column":4},"end":{"line":101,"column":4}}},"8":{"name":"getAllPoolDetails","line":107,"loc":{"start":{"line":107,"column":4},"end":{"line":109,"column":4}}},"9":{"name":"poolShouldExist","line":116,"loc":{"start":{"line":116,"column":4},"end":{"line":119,"column":4}}},"10":{"name":"_authorizeUpgrade","line":125,"loc":{"start":{"line":125,"column":4},"end":{"line":127,"column":4}}}},"statementMap":{"1":{"start":{"line":25,"column":8},"end":{"line":25,"column":100}},"2":{"start":{"line":26,"column":8},"end":{"line":26,"column":39}},"3":{"start":{"line":27,"column":8},"end":{"line":27,"column":35}},"4":{"start":{"line":36,"column":8},"end":{"line":36,"column":68}},"5":{"start":{"line":52,"column":8},"end":{"line":52,"column":99}},"6":{"start":{"line":68,"column":8},"end":{"line":68,"column":98}},"7":{"start":{"line":82,"column":8},"end":{"line":82,"column":92}},"8":{"start":{"line":91,"column":8},"end":{"line":91,"column":73}},"9":{"start":{"line":100,"column":8},"end":{"line":100,"column":68}},"10":{"start":{"line":108,"column":8},"end":{"line":108,"column":61}},"11":{"start":{"line":117,"column":8},"end":{"line":117,"column":56}},"12":{"start":{"line":118,"column":8},"end":{"line":118,"column":26}},"13":{"start":{"line":126,"column":8},"end":{"line":126,"column":64}}},"branchMap":{"1":{"line":25,"type":"if","locations":[{"start":{"line":25,"column":8},"end":{"line":25,"column":8}},{"start":{"line":25,"column":8},"end":{"line":25,"column":8}}]},"2":{"line":126,"type":"if","locations":[{"start":{"line":126,"column":8},"end":{"line":126,"column":8}},{"start":{"line":126,"column":8},"end":{"line":126,"column":8}}]}}},
"contracts/core/AssetTreasury.sol":{"l":{"32":3,"33":2,"40":19,"41":18,"51":112,"55":84,"56":84,"57":84,"93":18,"94":18,"95":18,"104":2,"105":1,"106":1},"path":"/Users/mr.d/Documents/Bru Finance/brufinancev2/upgradeable-contract/contracts/core/AssetTreasury.sol","s":{"1":3,"2":19,"3":112,"4":84,"5":84,"6":84,"7":18,"8":18,"9":2,"10":1,"11":1},"b":{"1":[2,1],"2":[18,1],"3":[84,28],"4":[1,1]},"f":{"1":3,"2":19,"3":112,"4":18,"5":2},"fnMap":{"1":{"name":"onlyAdmin","line":31,"loc":{"start":{"line":31,"column":4},"end":{"line":34,"column":4}}},"2":{"name":"onlyMintWalletAddress","line":39,"loc":{"start":{"line":39,"column":4},"end":{"line":42,"column":4}}},"3":{"name":"constructor","line":50,"loc":{"start":{"line":50,"column":4},"end":{"line":58,"column":4}}},"4":{"name":"mintNft","line":92,"loc":{"start":{"line":84,"column":4},"end":{"line":96,"column":4}}},"5":{"name":"changeMintWalletAddress","line":103,"loc":{"start":{"line":103,"column":4},"end":{"line":107,"column":4}}}},"statementMap":{"1":{"start":{"line":32,"column":8},"end":{"line":32,"column":71}},"2":{"start":{"line":40,"column":8},"end":{"line":40,"column":90}},"3":{"start":{"line":51,"column":8},"end":{"line":51,"column":1608}},"4":{"start":{"line":55,"column":8},"end":{"line":55,"column":35}},"5":{"start":{"line":56,"column":8},"end":{"line":56,"column":33}},"6":{"start":{"line":57,"column":8},"end":{"line":57,"column":45}},"7":{"start":{"line":94,"column":8},"end":{"line":94,"column":60}},"8":{"start":{"line":95,"column":8},"end":{"line":95,"column":103}},"9":{"start":{"line":104,"column":8},"end":{"line":104,"column":60}},"10":{"start":{"line":105,"column":8},"end":{"line":105,"column":38}},"11":{"start":{"line":106,"column":8},"end":{"line":106,"column":43}}},"branchMap":{"1":{"line":32,"type":"if","locations":[{"start":{"line":32,"column":8},"end":{"line":32,"column":8}},{"start":{"line":32,"column":8},"end":{"line":32,"column":8}}]},"2":{"line":40,"type":"if","locations":[{"start":{"line":40,"column":8},"end":{"line":40,"column":8}},{"start":{"line":40,"column":8},"end":{"line":40,"column":8}}]},"3":{"line":51,"type":"if","locations":[{"start":{"line":51,"column":8},"end":{"line":51,"column":8}},{"start":{"line":51,"column":8},"end":{"line":51,"column":8}}]},"4":{"line":104,"type":"if","locations":[{"start":{"line":104,"column":8},"end":{"line":104,"column":8}},{"start":{"line":104,"column":8},"end":{"line":104,"column":8}}]}}},
"contracts/core/BruAdmin.sol":{"l":{"154":66,"155":65,"162":19,"163":18,"171":296,"172":295,"179":65,"180":62,"188":4,"189":3,"196":12,"197":8,"205":1,"213":283,"214":282,"215":280,"216":279,"217":279,"218":279,"219":279,"227":3,"228":2,"230":2,"231":2,"232":2,"233":2,"234":2,"235":2,"243":1,"244":1,"252":1,"253":1,"261":1,"262":1,"270":1,"271":1,"279":2,"280":1,"281":1,"290":1,"291":1,"292":1,"299":1,"300":1,"308":2,"309":1,"310":1,"311":1,"312":1,"319":1,"320":1,"321":1,"322":1,"323":1,"330":296,"337":65,"345":4,"352":3},"path":"/Users/mr.d/Documents/Bru Finance/brufinancev2/upgradeable-contract/contracts/core/BruAdmin.sol","s":{"1":66,"2":19,"3":296,"4":65,"5":4,"6":12,"7":1,"8":283,"9":282,"10":280,"11":279,"12":279,"13":279,"14":279,"15":3,"16":2,"17":2,"18":2,"19":2,"20":2,"21":2,"22":1,"23":1,"24":1,"25":1,"26":1,"27":1,"28":1,"29":1,"30":2,"31":1,"32":1,"33":1,"34":1,"35":1,"36":1,"37":1,"38":2,"39":1,"40":1,"41":1,"42":1,"43":1,"44":1,"45":1,"46":1,"47":1,"48":296,"49":65,"50":4,"51":3},"b":{"1":[65,1],"2":[18,1],"3":[8,4],"4":[282,1],"5":[280,2],"6":[279,1],"7":[2,1],"8":[1,1],"9":[295,1],"10":[62,3],"11":[3,1],"12":[2,1]},"f":{"1":66,"2":19,"3":296,"4":65,"5":4,"6":12,"7":1,"8":283,"9":3,"10":1,"11":1,"12":1,"13":1,"14":2,"15":1,"16":1,"17":2,"18":1,"19":296,"20":65,"21":4,"22":3},"fnMap":{"1":{"name":"checkCorePauseStatus","line":153,"loc":{"start":{"line":153,"column":4},"end":{"line":156,"column":4}}},"2":{"name":"onlyAssetTreasury","line":161,"loc":{"start":{"line":161,"column":4},"end":{"line":164,"column":4}}},"3":{"name":"onlyAdmin","line":170,"loc":{"start":{"line":170,"column":4},"end":{"line":173,"column":4}}},"4":{"name":"onlyRouter","line":178,"loc":{"start":{"line":178,"column":4},"end":{"line":181,"column":4}}},"5":{"name":"checkFeeValue","line":187,"loc":{"start":{"line":187,"column":4},"end":{"line":190,"column":4}}},"6":{"name":"onlyOwner","line":195,"loc":{"start":{"line":195,"column":4},"end":{"line":198,"column":4}}},"7":{"name":"getAllowedTokenAddressesArray","line":204,"loc":{"start":{"line":204,"column":4},"end":{"line":206,"column":4}}},"8":{"name":"allowTokenAddress","line":212,"loc":{"start":{"line":212,"column":4},"end":{"line":220,"column":4}}},"9":{"name":"removeTokenAddress","line":226,"loc":{"start":{"line":226,"column":4},"end":{"line":236,"column":4}}},"10":{"name":"changeBorrowInterestRate","line":242,"loc":{"start":{"line":242,"column":4},"end":{"line":245,"column":4}}},"11":{"name":"changeBorrowPlatformFee","line":251,"loc":{"start":{"line":251,"column":4},"end":{"line":254,"column":4}}},"12":{"name":"changeMaxAddresses","line":260,"loc":{"start":{"line":260,"column":4},"end":{"line":263,"column":4}}},"13":{"name":"changeLendPlatformFee","line":269,"loc":{"start":{"line":269,"column":4},"end":{"line":272,"column":4}}},"14":{"name":"changeLockPeriod","line":278,"loc":{"start":{"line":278,"column":4},"end":{"line":282,"column":4}}},"15":{"name":"changeSpread","line":289,"loc":{"start":{"line":289,"column":4},"end":{"line":293,"column":4}}},"16":{"name":"changeCoreFunctionalityStatus","line":298,"loc":{"start":{"line":298,"column":4},"end":{"line":301,"column":4}}},"17":{"name":"startRewards","line":307,"loc":{"start":{"line":307,"column":4},"end":{"line":313,"column":4}}},"18":{"name":"stopRewards","line":318,"loc":{"start":{"line":318,"column":4},"end":{"line":324,"column":4}}},"19":{"name":"_onlyAdmin","line":329,"loc":{"start":{"line":329,"column":4},"end":{"line":331,"column":4}}},"20":{"name":"_onlyRouter","line":336,"loc":{"start":{"line":336,"column":4},"end":{"line":338,"column":4}}},"21":{"name":"_checkFeeValue","line":344,"loc":{"start":{"line":344,"column":4},"end":{"line":346,"column":4}}},"22":{"name":"checkRewardsAddress","line":351,"loc":{"start":{"line":351,"column":4},"end":{"line":353,"column":4}}}},"statementMap":{"1":{"start":{"line":154,"column":8},"end":{"line":154,"column":59}},"2":{"start":{"line":162,"column":8},"end":{"line":162,"column":70}},"3":{"start":{"line":171,"column":8},"end":{"line":171,"column":19}},"4":{"start":{"line":179,"column":8},"end":{"line":179,"column":20}},"5":{"start":{"line":188,"column":8},"end":{"line":188,"column":27}},"6":{"start":{"line":196,"column":8},"end":{"line":196,"column":63}},"7":{"start":{"line":205,"column":8},"end":{"line":205,"column":29}},"8":{"start":{"line":213,"column":8},"end":{"line":213,"column":62}},"9":{"start":{"line":214,"column":8},"end":{"line":214,"column":89}},"10":{"start":{"line":215,"column":8},"end":{"line":215,"column":81}},"11":{"start":{"line":216,"column":8},"end":{"line":216,"column":50}},"12":{"start":{"line":217,"column":8},"end":{"line":217,"column":41}},"13":{"start":{"line":218,"column":8},"end":{"line":218,"column":63}},"14":{"start":{"line":219,"column":8},"end":{"line":219,"column":47}},"15":{"start":{"line":227,"column":8},"end":{"line":227,"column":80}},"16":{"start":{"line":228,"column":8},"end":{"line":228,"column":51}},"17":{"start":{"line":230,"column":8},"end":{"line":230,"column":56}},"18":{"start":{"line":231,"column":8},"end":{"line":231,"column":76}},"19":{"start":{"line":232,"column":8},"end":{"line":232,"column":75}},"20":{"start":{"line":234,"column":8},"end":{"line":234,"column":27}},"21":{"start":{"line":235,"column":8},"end":{"line":235,"column":48}},"22":{"start":{"line":243,"column":8},"end":{"line":243,"column":58}},"23":{"start":{"line":244,"column":8},"end":{"line":244,"column":45}},"24":{"start":{"line":252,"column":8},"end":{"line":252,"column":56}},"25":{"start":{"line":253,"column":8},"end":{"line":253,"column":43}},"26":{"start":{"line":261,"column":8},"end":{"line":261,"column":43}},"27":{"start":{"line":262,"column":8},"end":{"line":262,"column":50}},"28":{"start":{"line":270,"column":8},"end":{"line":270,"column":39}},"29":{"start":{"line":271,"column":8},"end":{"line":271,"column":41}},"30":{"start":{"line":279,"column":8},"end":{"line":279,"column":61}},"31":{"start":{"line":280,"column":8},"end":{"line":280,"column":25}},"32":{"start":{"line":281,"column":8},"end":{"line":281,"column":37}},"33":{"start":{"line":290,"column":8},"end":{"line":290,"column":23}},"34":{"start":{"line":291,"column":8},"end":{"line":291,"column":41}},"35":{"start":{"line":292,"column":8},"end":{"line":292,"column":34}},"36":{"start":{"line":299,"column":8},"end":{"line":299,"column":29}},"37":{"start":{"line":300,"column":8},"end":{"line":300,"column":59}},"38":{"start":{"line":308,"column":8},"end":{"line":308,"column":28}},"39":{"start":{"line":309,"column":8},"end":{"line":309,"column":31}},"40":{"start":{"line":310,"column":8},"end":{"line":310,"column":33}},"41":{"start":{"line":311,"column":8},"end":{"line":311,"column":33}},"42":{"start":{"line":312,"column":8},"end":{"line":312,"column":43}},"43":{"start":{"line":319,"column":8},"end":{"line":319,"column":28}},"44":{"start":{"line":320,"column":8},"end":{"line":320,"column":34}},"45":{"start":{"line":321,"column":8},"end":{"line":321,"column":36}},"46":{"start":{"line":322,"column":8},"end":{"line":322,"column":24}},"47":{"start":{"line":323,"column":8},"end":{"line":323,"column":33}},"48":{"start":{"line":330,"column":8},"end":{"line":330,"column":64}},"49":{"start":{"line":337,"column":8},"end":{"line":337,"column":84}},"50":{"start":{"line":345,"column":8},"end":{"line":345,"column":70}},"51":{"start":{"line":352,"column":8},"end":{"line":352,"column":83}}},"branchMap":{"1":{"line":154,"type":"if","locations":[{"start":{"line":154,"column":8},"end":{"line":154,"column":8}},{"start":{"line":154,"column":8},"end":{"line":154,"column":8}}]},"2":{"line":162,"type":"if","locations":[{"start":{"line":162,"column":8},"end":{"line":162,"column":8}},{"start":{"line":162,"column":8},"end":{"line":162,"column":8}}]},"3":{"line":196,"type":"if","locations":[{"start":{"line":196,"column":8},"end":{"line":196,"column":8}},{"start":{"line":196,"column":8},"end":{"line":196,"column":8}}]},"4":{"line":213,"type":"if","locations":[{"start":{"line":213,"column":8},"end":{"line":213,"column":8}},{"start":{"line":213,"column":8},"end":{"line":213,"column":8}}]},"5":{"line":214,"type":"if","locations":[{"start":{"line":214,"column":8},"end":{"line":214,"column":8}},{"start":{"line":214,"column":8},"end":{"line":214,"column":8}}]},"6":{"line":215,"type":"if","locations":[{"start":{"line":215,"column":8},"end":{"line":215,"column":8}},{"start":{"line":215,"column":8},"end":{"line":215,"column":8}}]},"7":{"line":227,"type":"if","locations":[{"start":{"line":227,"column":8},"end":{"line":227,"column":8}},{"start":{"line":227,"column":8},"end":{"line":227,"column":8}}]},"8":{"line":279,"type":"if","locations":[{"start":{"line":279,"column":8},"end":{"line":279,"column":8}},{"start":{"line":279,"column":8},"end":{"line":279,"column":8}}]},"9":{"line":330,"type":"if","locations":[{"start":{"line":330,"column":8},"end":{"line":330,"column":8}},{"start":{"line":330,"column":8},"end":{"line":330,"column":8}}]},"10":{"line":337,"type":"if","locations":[{"start":{"line":337,"column":8},"end":{"line":337,"column":8}},{"start":{"line":337,"column":8},"end":{"line":337,"column":8}}]},"11":{"line":345,"type":"if","locations":[{"start":{"line":345,"column":8},"end":{"line":345,"column":8}},{"start":{"line":345,"column":8},"end":{"line":345,"column":8}}]},"12":{"line":352,"type":"if","locations":[{"start":{"line":352,"column":8},"end":{"line":352,"column":8}},{"start":{"line":352,"column":8},"end":{"line":352,"column":8}}]}}},
"contracts/core/BruFactory.sol":{"l":{"55":132,"56":130,"65":56,"66":28,"67":28,"68":28,"89":128,"97":127,"98":125,"108":125,"123":1,"124":1,"133":66,"134":65,"143":367,"151":4},"path":"/Users/mr.d/Documents/Bru Finance/brufinancev2/upgradeable-contract/contracts/core/BruFactory.sol","s":{"1":132,"2":56,"3":28,"4":28,"5":28,"6":128,"7":127,"8":125,"9":125,"10":1,"11":1,"12":66,"13":65,"14":367,"15":4},"b":{"1":[130,2],"2":[28,28],"3":[127,1],"4":[125,2],"5":[65,1]},"f":{"1":132,"2":56,"3":128,"4":1,"5":66,"6":367,"7":4,"8":1},"fnMap":{"1":{"name":"onlyAdmin","line":54,"loc":{"start":{"line":54,"column":4},"end":{"line":57,"column":4}}},"2":{"name":"initialize","line":64,"loc":{"start":{"line":64,"column":4},"end":{"line":69,"column":4}}},"3":{"name":"addPoolDetails","line":88,"loc":{"start":{"line":81,"column":4},"end":{"line":116,"column":4}}},"4":{"name":"changeMaxPool","line":122,"loc":{"start":{"line":122,"column":4},"end":{"line":125,"column":4}}},"5":{"name":"getPoolAddress","line":132,"loc":{"start":{"line":132,"column":4},"end":{"line":135,"column":4}}},"6":{"name":"getPoolDetails","line":142,"loc":{"start":{"line":142,"column":4},"end":{"line":144,"column":4}}},"7":{"name":"getAllPoolDetails","line":150,"loc":{"start":{"line":150,"column":4},"end":{"line":152,"column":4}}},"8":{"name":"_authorizeUpgrade","line":158,"loc":{"start":{"line":158,"column":4},"end":{"line":158,"column":93}}}},"statementMap":{"1":{"start":{"line":55,"column":8},"end":{"line":55,"column":64}},"2":{"start":{"line":65,"column":8},"end":{"line":65,"column":108}},"3":{"start":{"line":66,"column":8},"end":{"line":66,"column":31}},"4":{"start":{"line":67,"column":8},"end":{"line":67,"column":41}},"5":{"start":{"line":68,"column":8},"end":{"line":68,"column":19}},"6":{"start":{"line":89,"column":8},"end":{"line":89,"column":3323}},"7":{"start":{"line":97,"column":8},"end":{"line":97,"column":74}},"8":{"start":{"line":98,"column":8},"end":{"line":98,"column":3717}},"9":{"start":{"line":108,"column":8},"end":{"line":108,"column":4003}},"10":{"start":{"line":123,"column":8},"end":{"line":123,"column":26}},"11":{"start":{"line":124,"column":8},"end":{"line":124,"column":38}},"12":{"start":{"line":133,"column":8},"end":{"line":133,"column":75}},"13":{"start":{"line":134,"column":8},"end":{"line":134,"column":55}},"14":{"start":{"line":143,"column":8},"end":{"line":143,"column":38}},"15":{"start":{"line":151,"column":8},"end":{"line":151,"column":26}}},"branchMap":{"1":{"line":55,"type":"if","locations":[{"start":{"line":55,"column":8},"end":{"line":55,"column":8}},{"start":{"line":55,"column":8},"end":{"line":55,"column":8}}]},"2":{"line":65,"type":"if","locations":[{"start":{"line":65,"column":8},"end":{"line":65,"column":8}},{"start":{"line":65,"column":8},"end":{"line":65,"column":8}}]},"3":{"line":89,"type":"if","locations":[{"start":{"line":89,"column":8},"end":{"line":89,"column":8}},{"start":{"line":89,"column":8},"end":{"line":89,"column":8}}]},"4":{"line":97,"type":"if","locations":[{"start":{"line":97,"column":8},"end":{"line":97,"column":8}},{"start":{"line":97,"column":8},"end":{"line":97,"column":8}}]},"5":{"line":133,"type":"if","locations":[{"start":{"line":133,"column":8},"end":{"line":133,"column":8}},{"start":{"line":133,"column":8},"end":{"line":133,"column":8}}]}}},
"contracts/core/BruOracle.sol":{"l":{"38":7,"39":4,"47":56,"48":28,"49":28,"58":2,"59":2,"68":3,"69":3,"70":2,"79":1,"80":1,"89":1,"90":1,"98":3},"path":"/Users/mr.d/Documents/Bru Finance/brufinancev2/upgradeable-contract/contracts/core/BruOracle.sol","s":{"1":7,"2":56,"3":28,"4":28,"5":2,"6":2,"7":3,"8":3,"9":2,"10":1,"11":1,"12":1,"13":1,"14":3},"b":{"1":[4,3],"2":[28,28]},"f":{"1":7,"2":56,"3":2,"4":3,"5":1,"6":1,"7":3,"8":1},"fnMap":{"1":{"name":"onlyAdmin","line":37,"loc":{"start":{"line":37,"column":4},"end":{"line":40,"column":4}}},"2":{"name":"initialize","line":46,"loc":{"start":{"line":46,"column":4},"end":{"line":50,"column":4}}},"3":{"name":"setPriceFeedForToken","line":57,"loc":{"start":{"line":57,"column":4},"end":{"line":60,"column":4}}},"4":{"name":"getLatestPriceOfTokenInUSD","line":67,"loc":{"start":{"line":67,"column":4},"end":{"line":71,"column":4}}},"5":{"name":"getPriceFeedDecimal","line":78,"loc":{"start":{"line":78,"column":4},"end":{"line":81,"column":4}}},"6":{"name":"setBruTokenPrice","line":88,"loc":{"start":{"line":88,"column":4},"end":{"line":91,"column":4}}},"7":{"name":"getBruTokenPrice","line":97,"loc":{"start":{"line":97,"column":4},"end":{"line":99,"column":4}}},"8":{"name":"_authorizeUpgrade","line":105,"loc":{"start":{"line":105,"column":4},"end":{"line":105,"column":93}}}},"statementMap":{"1":{"start":{"line":38,"column":8},"end":{"line":38,"column":71}},"2":{"start":{"line":47,"column":8},"end":{"line":47,"column":71}},"3":{"start":{"line":48,"column":8},"end":{"line":48,"column":35}},"4":{"start":{"line":49,"column":8},"end":{"line":49,"column":42}},"5":{"start":{"line":58,"column":8},"end":{"line":58,"column":45}},"6":{"start":{"line":59,"column":8},"end":{"line":59,"column":58}},"7":{"start":{"line":68,"column":8},"end":{"line":68,"column":21}},"8":{"start":{"line":69,"column":8},"end":{"line":69,"column":94}},"9":{"start":{"line":70,"column":8},"end":{"line":70,"column":30}},"10":{"start":{"line":79,"column":8},"end":{"line":79,"column":86}},"11":{"start":{"line":80,"column":8},"end":{"line":80,"column":32}},"12":{"start":{"line":89,"column":8},"end":{"line":89,"column":37}},"13":{"start":{"line":90,"column":8},"end":{"line":90,"column":48}},"14":{"start":{"line":98,"column":8},"end":{"line":98,"column":28}}},"branchMap":{"1":{"line":38,"type":"if","locations":[{"start":{"line":38,"column":8},"end":{"line":38,"column":8}},{"start":{"line":38,"column":8},"end":{"line":38,"column":8}}]},"2":{"line":47,"type":"if","locations":[{"start":{"line":47,"column":8},"end":{"line":47,"column":8}},{"start":{"line":47,"column":8},"end":{"line":47,"column":8}}]}}},
"contracts/core/BruPool.sol":{"l":{"203":56,"216":28,"217":28,"218":28,"219":28,"220":28,"221":28,"222":28,"223":28,"224":28,"225":28,"226":28,"227":28,"228":28,"229":28,"230":28,"231":28,"232":28,"233":28,"234":28,"235":28,"257":18,"258":15,"259":15,"276":19,"277":17,"278":15,"279":13,"280":11,"281":11,"282":11,"283":2,"285":9,"287":11,"288":9,"289":9,"290":9,"291":9,"292":2,"294":9,"295":9,"311":20,"312":20,"313":18,"314":16,"315":14,"316":14,"318":14,"320":14,"322":13,"323":10,"325":10,"327":10,"329":3,"330":3,"332":13,"334":13,"335":2,"336":2,"337":2,"340":13,"342":13,"343":13,"357":14,"358":12,"359":10,"360":8,"362":8,"363":8,"372":8,"373":8,"374":8,"376":8,"377":2,"379":8,"380":8,"392":9,"393":9,"394":7,"395":5,"396":3,"397":3,"398":3,"399":3,"408":7,"409":7,"410":5,"414":3,"415":3,"424":14,"426":14,"434":10,"435":10,"436":8,"437":6,"438":6,"439":6,"440":6,"441":2,"443":6,"444":2,"446":4,"448":6,"449":3,"451":3,"453":6,"455":6,"456":6,"457":6,"466":4,"467":2,"468":2,"477":4,"478":2,"479":2,"487":1,"488":1,"491":1,"492":1,"500":15,"501":15,"503":15,"512":5,"513":5,"514":5,"522":5},"path":"/Users/mr.d/Documents/Bru Finance/brufinancev2/upgradeable-contract/contracts/core/BruPool.sol","s":{"1":56,"2":28,"3":28,"4":28,"5":28,"6":28,"7":28,"8":28,"9":28,"10":28,"11":28,"12":28,"13":28,"14":28,"15":28,"16":28,"17":28,"18":28,"19":28,"20":28,"21":28,"22":18,"23":15,"24":15,"25":19,"26":17,"27":15,"28":13,"29":11,"30":11,"31":11,"32":2,"33":9,"34":11,"35":9,"36":9,"37":9,"38":9,"39":2,"40":9,"41":9,"42":20,"43":20,"44":18,"45":16,"46":14,"47":14,"48":14,"49":14,"50":13,"51":10,"52":10,"53":10,"54":3,"55":3,"56":13,"57":13,"58":2,"59":2,"60":2,"61":13,"62":13,"63":13,"64":14,"65":12,"66":10,"67":8,"68":8,"69":8,"70":8,"71":8,"72":8,"73":2,"74":8,"75":8,"76":9,"77":9,"78":7,"79":5,"80":3,"81":3,"82":3,"83":3,"84":7,"85":7,"86":5,"87":3,"88":3,"89":14,"90":14,"91":10,"92":10,"93":8,"94":6,"95":6,"96":6,"97":6,"98":2,"99":6,"100":2,"101":4,"102":6,"103":3,"104":3,"105":6,"106":6,"107":6,"108":6,"109":4,"110":2,"111":2,"112":4,"113":2,"114":2,"115":1,"116":1,"117":1,"118":1,"119":15,"120":15,"121":15,"122":5,"123":5,"124":5,"125":5},"b":{"1":[28,28],"2":[15,3],"3":[17,2],"4":[15,2],"5":[13,2],"6":[11,2],"7":[2,9],"8":[9,2],"9":[2,7],"10":[18,2],"11":[16,2],"12":[14,2],"13":[13,1],"14":[10,3],"15":[2,11],"16":[12,2],"17":[10,2],"18":[8,2],"19":[2,6],"20":[7,2],"21":[5,2],"22":[3,2],"23":[5,2],"24":[3,2],"25":[8,2],"26":[6,2],"27":[2,4],"28":[2,4],"29":[3,3],"30":[2,2],"31":[2,2],"32":[3,2]},"f":{"1":56,"2":18,"3":19,"4":20,"5":14,"6":9,"7":7,"8":14,"9":10,"10":4,"11":4,"12":1,"13":15,"14":5,"15":5},"fnMap":{"1":{"name":"initialize","line":202,"loc":{"start":{"line":190,"column":4},"end":{"line":236,"column":4}}},"2":{"name":"mintNft","line":256,"loc":{"start":{"line":248,"column":4},"end":{"line":260,"column":4}}},"3":{"name":"borrow","line":275,"loc":{"start":{"line":270,"column":4},"end":{"line":296,"column":4}}},"4":{"name":"repay","line":310,"loc":{"start":{"line":305,"column":4},"end":{"line":344,"column":4}}},"5":{"name":"deposit","line":356,"loc":{"start":{"line":352,"column":4},"end":{"line":381,"column":4}}},"6":{"name":"withdraw","line":391,"loc":{"start":{"line":388,"column":4},"end":{"line":400,"column":4}}},"7":{"name":"redeemInterestToken","line":407,"loc":{"start":{"line":407,"column":4},"end":{"line":416,"column":4}}},"8":{"name":"borrowInterest","line":423,"loc":{"start":{"line":423,"column":4},"end":{"line":427,"column":4}}},"9":{"name":"claimInterestOnBond","line":433,"loc":{"start":{"line":433,"column":4},"end":{"line":458,"column":4}}},"10":{"name":"lockAsset","line":465,"loc":{"start":{"line":465,"column":4},"end":{"line":469,"column":4}}},"11":{"name":"unlockAsset","line":476,"loc":{"start":{"line":476,"column":4},"end":{"line":480,"column":4}}},"12":{"name":"getRepaymentAmount","line":486,"loc":{"start":{"line":486,"column":4},"end":{"line":493,"column":4}}},"13":{"name":"calculateBorrowInterest","line":499,"loc":{"start":{"line":499,"column":4},"end":{"line":504,"column":4}}},"14":{"name":"withdrawable","line":511,"loc":{"start":{"line":511,"column":4},"end":{"line":515,"column":4}}},"15":{"name":"_authorizeUpgrade","line":521,"loc":{"start":{"line":521,"column":4},"end":{"line":523,"column":4}}}},"statementMap":{"1":{"start":{"line":203,"column":8},"end":{"line":203,"column":6787}},"2":{"start":{"line":216,"column":8},"end":{"line":216,"column":29}},"3":{"start":{"line":217,"column":8},"end":{"line":217,"column":37}},"4":{"start":{"line":218,"column":8},"end":{"line":218,"column":31}},"5":{"start":{"line":219,"column":8},"end":{"line":219,"column":25}},"6":{"start":{"line":220,"column":8},"end":{"line":220,"column":32}},"7":{"start":{"line":221,"column":8},"end":{"line":221,"column":23}},"8":{"start":{"line":222,"column":8},"end":{"line":222,"column":25}},"9":{"start":{"line":223,"column":8},"end":{"line":223,"column":36}},"10":{"start":{"line":224,"column":8},"end":{"line":224,"column":65}},"11":{"start":{"line":225,"column":8},"end":{"line":225,"column":69}},"12":{"start":{"line":226,"column":8},"end":{"line":226,"column":67}},"13":{"start":{"line":227,"column":8},"end":{"line":227,"column":58}},"14":{"start":{"line":228,"column":8},"end":{"line":228,"column":41}},"15":{"start":{"line":229,"column":8},"end":{"line":229,"column":43}},"16":{"start":{"line":230,"column":8},"end":{"line":230,"column":51}},"17":{"start":{"line":231,"column":8},"end":{"line":231,"column":53}},"18":{"start":{"line":232,"column":8},"end":{"line":232,"column":41}},"19":{"start":{"line":233,"column":8},"end":{"line":233,"column":45}},"20":{"start":{"line":234,"column":8},"end":{"line":234,"column":41}},"21":{"start":{"line":235,"column":8},"end":{"line":235,"column":26}},"22":{"start":{"line":257,"column":8},"end":{"line":257,"column":59}},"23":{"start":{"line":258,"column":8},"end":{"line":258,"column":92}},"24":{"start":{"line":259,"column":8},"end":{"line":259,"column":91}},"25":{"start":{"line":276,"column":8},"end":{"line":276,"column":117}},"26":{"start":{"line":277,"column":8},"end":{"line":277,"column":93}},"27":{"start":{"line":278,"column":8},"end":{"line":278,"column":81}},"28":{"start":{"line":279,"column":8},"end":{"line":279,"column":116}},"29":{"start":{"line":280,"column":8},"end":{"line":280,"column":31}},"30":{"start":{"line":281,"column":8},"end":{"line":281,"column":90}},"31":{"start":{"line":282,"column":8},"end":{"line":282,"column":10491}},"32":{"start":{"line":283,"column":12},"end":{"line":283,"column":67}},"33":{"start":{"line":285,"column":12},"end":{"line":285,"column":46}},"34":{"start":{"line":287,"column":8},"end":{"line":287,"column":116}},"35":{"start":{"line":288,"column":8},"end":{"line":288,"column":34}},"36":{"start":{"line":289,"column":8},"end":{"line":289,"column":33}},"37":{"start":{"line":290,"column":8},"end":{"line":290,"column":88}},"38":{"start":{"line":291,"column":8},"end":{"line":291,"column":10955}},"39":{"start":{"line":292,"column":12},"end":{"line":292,"column":115}},"40":{"start":{"line":294,"column":8},"end":{"line":294,"column":69}},"41":{"start":{"line":295,"column":8},"end":{"line":295,"column":89}},"42":{"start":{"line":311,"column":8},"end":{"line":311,"column":37}},"43":{"start":{"line":312,"column":8},"end":{"line":312,"column":117}},"44":{"start":{"line":313,"column":8},"end":{"line":313,"column":64}},"45":{"start":{"line":314,"column":8},"end":{"line":314,"column":116}},"46":{"start":{"line":315,"column":8},"end":{"line":315,"column":29}},"47":{"start":{"line":316,"column":8},"end":{"line":316,"column":89}},"48":{"start":{"line":318,"column":8},"end":{"line":318,"column":102}},"49":{"start":{"line":320,"column":8},"end":{"line":320,"column":75}},"50":{"start":{"line":322,"column":8},"end":{"line":322,"column":12527}},"51":{"start":{"line":323,"column":12},"end":{"line":323,"column":61}},"52":{"start":{"line":325,"column":12},"end":{"line":325,"column":44}},"53":{"start":{"line":327,"column":12},"end":{"line":327,"column":75}},"54":{"start":{"line":329,"column":12},"end":{"line":329,"column":50}},"55":{"start":{"line":330,"column":12},"end":{"line":330,"column":38}},"56":{"start":{"line":332,"column":8},"end":{"line":332,"column":49}},"57":{"start":{"line":334,"column":8},"end":{"line":334,"column":12947}},"58":{"start":{"line":335,"column":12},"end":{"line":335,"column":39}},"59":{"start":{"line":336,"column":12},"end":{"line":336,"column":38}},"60":{"start":{"line":337,"column":12},"end":{"line":337,"column":64}},"61":{"start":{"line":340,"column":8},"end":{"line":340,"column":88}},"62":{"start":{"line":342,"column":8},"end":{"line":342,"column":107}},"63":{"start":{"line":343,"column":8},"end":{"line":343,"column":87}},"64":{"start":{"line":357,"column":8},"end":{"line":357,"column":81}},"65":{"start":{"line":358,"column":8},"end":{"line":358,"column":62}},"66":{"start":{"line":359,"column":8},"end":{"line":359,"column":106}},"67":{"start":{"line":360,"column":8},"end":{"line":360,"column":87}},"68":{"start":{"line":362,"column":8},"end":{"line":362,"column":50}},"69":{"start":{"line":363,"column":8},"end":{"line":363,"column":14337}},"70":{"start":{"line":373,"column":8},"end":{"line":373,"column":88}},"71":{"start":{"line":374,"column":8},"end":{"line":374,"column":87}},"72":{"start":{"line":376,"column":8},"end":{"line":376,"column":14779}},"73":{"start":{"line":377,"column":12},"end":{"line":377,"column":113}},"74":{"start":{"line":379,"column":8},"end":{"line":379,"column":61}},"75":{"start":{"line":380,"column":8},"end":{"line":380,"column":92}},"76":{"start":{"line":392,"column":8},"end":{"line":392,"column":70}},"77":{"start":{"line":393,"column":8},"end":{"line":393,"column":65}},"78":{"start":{"line":394,"column":8},"end":{"line":394,"column":61}},"79":{"start":{"line":395,"column":8},"end":{"line":395,"column":105}},"80":{"start":{"line":396,"column":8},"end":{"line":396,"column":56}},"81":{"start":{"line":397,"column":8},"end":{"line":397,"column":74}},"82":{"start":{"line":398,"column":8},"end":{"line":398,"column":84}},"83":{"start":{"line":399,"column":8},"end":{"line":399,"column":110}},"84":{"start":{"line":408,"column":8},"end":{"line":408,"column":40}},"85":{"start":{"line":409,"column":8},"end":{"line":409,"column":103}},"86":{"start":{"line":410,"column":8},"end":{"line":410,"column":16689}},"87":{"start":{"line":414,"column":8},"end":{"line":414,"column":74}},"88":{"start":{"line":415,"column":8},"end":{"line":415,"column":100}},"89":{"start":{"line":424,"column":8},"end":{"line":424,"column":71}},"90":{"start":{"line":426,"column":8},"end":{"line":426,"column":44}},"91":{"start":{"line":434,"column":8},"end":{"line":434,"column":68}},"92":{"start":{"line":435,"column":8},"end":{"line":435,"column":65}},"93":{"start":{"line":436,"column":8},"end":{"line":436,"column":90}},"94":{"start":{"line":437,"column":8},"end":{"line":437,"column":27}},"95":{"start":{"line":438,"column":8},"end":{"line":438,"column":38}},"96":{"start":{"line":439,"column":8},"end":{"line":439,"column":85}},"97":{"start":{"line":440,"column":8},"end":{"line":440,"column":18133}},"98":{"start":{"line":441,"column":12},"end":{"line":441,"column":58}},"99":{"start":{"line":443,"column":8},"end":{"line":443,"column":18257}},"100":{"start":{"line":444,"column":12},"end":{"line":444,"column":43}},"101":{"start":{"line":446,"column":12},"end":{"line":446,"column":40}},"102":{"start":{"line":448,"column":8},"end":{"line":448,"column":18425}},"103":{"start":{"line":449,"column":12},"end":{"line":449,"column":76}},"104":{"start":{"line":451,"column":12},"end":{"line":451,"column":73}},"105":{"start":{"line":453,"column":8},"end":{"line":453,"column":18674}},"106":{"start":{"line":455,"column":8},"end":{"line":455,"column":66}},"107":{"start":{"line":456,"column":8},"end":{"line":456,"column":80}},"108":{"start":{"line":457,"column":8},"end":{"line":457,"column":91}},"109":{"start":{"line":466,"column":8},"end":{"line":466,"column":117}},"110":{"start":{"line":467,"column":8},"end":{"line":467,"column":33}},"111":{"start":{"line":468,"column":8},"end":{"line":468,"column":32}},"112":{"start":{"line":477,"column":8},"end":{"line":477,"column":117}},"113":{"start":{"line":478,"column":8},"end":{"line":478,"column":34}},"114":{"start":{"line":479,"column":8},"end":{"line":479,"column":34}},"115":{"start":{"line":487,"column":8},"end":{"line":487,"column":75}},"116":{"start":{"line":488,"column":8},"end":{"line":488,"column":20315}},"117":{"start":{"line":491,"column":8},"end":{"line":491,"column":80}},"118":{"start":{"line":492,"column":8},"end":{"line":492,"column":32}},"119":{"start":{"line":500,"column":8},"end":{"line":500,"column":83}},"120":{"start":{"line":501,"column":8},"end":{"line":501,"column":20882}},"121":{"start":{"line":503,"column":8},"end":{"line":503,"column":40}},"122":{"start":{"line":512,"column":8},"end":{"line":512,"column":45}},"123":{"start":{"line":513,"column":8},"end":{"line":513,"column":71}},"124":{"start":{"line":514,"column":8},"end":{"line":514,"column":55}},"125":{"start":{"line":522,"column":8},"end":{"line":522,"column":59}}},"branchMap":{"1":{"line":203,"type":"if","locations":[{"start":{"line":203,"column":8},"end":{"line":203,"column":8}},{"start":{"line":203,"column":8},"end":{"line":203,"column":8}}]},"2":{"line":257,"type":"if","locations":[{"start":{"line":257,"column":8},"end":{"line":257,"column":8}},{"start":{"line":257,"column":8},"end":{"line":257,"column":8}}]},"3":{"line":276,"type":"if","locations":[{"start":{"line":276,"column":8},"end":{"line":276,"column":8}},{"start":{"line":276,"column":8},"end":{"line":276,"column":8}}]},"4":{"line":277,"type":"if","locations":[{"start":{"line":277,"column":8},"end":{"line":277,"column":8}},{"start":{"line":277,"column":8},"end":{"line":277,"column":8}}]},"5":{"line":278,"type":"if","locations":[{"start":{"line":278,"column":8},"end":{"line":278,"column":8}},{"start":{"line":278,"column":8},"end":{"line":278,"column":8}}]},"6":{"line":279,"type":"if","locations":[{"start":{"line":279,"column":8},"end":{"line":279,"column":8}},{"start":{"line":279,"column":8},"end":{"line":279,"column":8}}]},"7":{"line":282,"type":"if","locations":[{"start":{"line":282,"column":8},"end":{"line":282,"column":8}},{"start":{"line":282,"column":8},"end":{"line":282,"column":8}}]},"8":{"line":287,"type":"if","locations":[{"start":{"line":287,"column":8},"end":{"line":287,"column":8}},{"start":{"line":287,"column":8},"end":{"line":287,"column":8}}]},"9":{"line":291,"type":"if","locations":[{"start":{"line":291,"column":8},"end":{"line":291,"column":8}},{"start":{"line":291,"column":8},"end":{"line":291,"column":8}}]},"10":{"line":312,"type":"if","locations":[{"start":{"line":312,"column":8},"end":{"line":312,"column":8}},{"start":{"line":312,"column":8},"end":{"line":312,"column":8}}]},"11":{"line":313,"type":"if","locations":[{"start":{"line":313,"column":8},"end":{"line":313,"column":8}},{"start":{"line":313,"column":8},"end":{"line":313,"column":8}}]},"12":{"line":314,"type":"if","locations":[{"start":{"line":314,"column":8},"end":{"line":314,"column":8}},{"start":{"line":314,"column":8},"end":{"line":314,"column":8}}]},"13":{"line":320,"type":"if","locations":[{"start":{"line":320,"column":8},"end":{"line":320,"column":8}},{"start":{"line":320,"column":8},"end":{"line":320,"column":8}}]},"14":{"line":322,"type":"if","locations":[{"start":{"line":322,"column":8},"end":{"line":322,"column":8}},{"start":{"line":322,"column":8},"end":{"line":322,"column":8}}]},"15":{"line":334,"type":"if","locations":[{"start":{"line":334,"column":8},"end":{"line":334,"column":8}},{"start":{"line":334,"column":8},"end":{"line":334,"column":8}}]},"16":{"line":357,"type":"if","locations":[{"start":{"line":357,"column":8},"end":{"line":357,"column":8}},{"start":{"line":357,"column":8},"end":{"line":357,"column":8}}]},"17":{"line":358,"type":"if","locations":[{"start":{"line":358,"column":8},"end":{"line":358,"column":8}},{"start":{"line":358,"column":8},"end":{"line":358,"column":8}}]},"18":{"line":359,"type":"if","locations":[{"start":{"line":359,"column":8},"end":{"line":359,"column":8}},{"start":{"line":359,"column":8},"end":{"line":359,"column":8}}]},"19":{"line":376,"type":"if","locations":[{"start":{"line":376,"column":8},"end":{"line":376,"column":8}},{"start":{"line":376,"column":8},"end":{"line":376,"column":8}}]},"20":{"line":393,"type":"if","locations":[{"start":{"line":393,"column":8},"end":{"line":393,"column":8}},{"start":{"line":393,"column":8},"end":{"line":393,"column":8}}]},"21":{"line":394,"type":"if","locations":[{"start":{"line":394,"column":8},"end":{"line":394,"column":8}},{"start":{"line":394,"column":8},"end":{"line":394,"column":8}}]},"22":{"line":395,"type":"if","locations":[{"start":{"line":395,"column":8},"end":{"line":395,"column":8}},{"start":{"line":395,"column":8},"end":{"line":395,"column":8}}]},"23":{"line":409,"type":"if","locations":[{"start":{"line":409,"column":8},"end":{"line":409,"column":8}},{"start":{"line":409,"column":8},"end":{"line":409,"column":8}}]},"24":{"line":410,"type":"if","locations":[{"start":{"line":410,"column":8},"end":{"line":410,"column":8}},{"start":{"line":410,"column":8},"end":{"line":410,"column":8}}]},"25":{"line":435,"type":"if","locations":[{"start":{"line":435,"column":8},"end":{"line":435,"column":8}},{"start":{"line":435,"column":8},"end":{"line":435,"column":8}}]},"26":{"line":436,"type":"if","locations":[{"start":{"line":436,"column":8},"end":{"line":436,"column":8}},{"start":{"line":436,"column":8},"end":{"line":436,"column":8}}]},"27":{"line":440,"type":"if","locations":[{"start":{"line":440,"column":8},"end":{"line":440,"column":8}},{"start":{"line":440,"column":8},"end":{"line":440,"column":8}}]},"28":{"line":443,"type":"if","locations":[{"start":{"line":443,"column":8},"end":{"line":443,"column":8}},{"start":{"line":443,"column":8},"end":{"line":443,"column":8}}]},"29":{"line":448,"type":"if","locations":[{"start":{"line":448,"column":8},"end":{"line":448,"column":8}},{"start":{"line":448,"column":8},"end":{"line":448,"column":8}}]},"30":{"line":466,"type":"if","locations":[{"start":{"line":466,"column":8},"end":{"line":466,"column":8}},{"start":{"line":466,"column":8},"end":{"line":466,"column":8}}]},"31":{"line":477,"type":"if","locations":[{"start":{"line":477,"column":8},"end":{"line":477,"column":8}},{"start":{"line":477,"column":8},"end":{"line":477,"column":8}}]},"32":{"line":522,"type":"if","locations":[{"start":{"line":522,"column":8},"end":{"line":522,"column":8}},{"start":{"line":522,"column":8},"end":{"line":522,"column":8}}]}}},
"contracts/core/BruPrice.sol":{"l":{"32":3,"33":2,"41":56,"42":28,"43":28,"52":2,"53":2,"61":2},"path":"/Users/mr.d/Documents/Bru Finance/brufinancev2/upgradeable-contract/contracts/core/BruPrice.sol","s":{"1":3,"2":56,"3":28,"4":28,"5":2,"6":2,"7":2},"b":{"1":[2,1],"2":[28,28],"3":[1,1]},"f":{"1":3,"2":56,"3":2,"4":2},"fnMap":{"1":{"name":"onlyOwner","line":31,"loc":{"start":{"line":31,"column":4},"end":{"line":34,"column":4}}},"2":{"name":"initialize","line":40,"loc":{"start":{"line":40,"column":4},"end":{"line":44,"column":4}}},"3":{"name":"updatePrice","line":51,"loc":{"start":{"line":51,"column":4},"end":{"line":54,"column":4}}},"4":{"name":"_authorizeUpgrade","line":60,"loc":{"start":{"line":60,"column":4},"end":{"line":62,"column":4}}}},"statementMap":{"1":{"start":{"line":32,"column":8},"end":{"line":32,"column":68}},"2":{"start":{"line":41,"column":8},"end":{"line":41,"column":64}},"3":{"start":{"line":42,"column":8},"end":{"line":42,"column":35}},"4":{"start":{"line":43,"column":8},"end":{"line":43,"column":25}},"5":{"start":{"line":52,"column":8},"end":{"line":52,"column":26}},"6":{"start":{"line":53,"column":8},"end":{"line":53,"column":47}},"7":{"start":{"line":61,"column":8},"end":{"line":61,"column":64}}},"branchMap":{"1":{"line":32,"type":"if","locations":[{"start":{"line":32,"column":8},"end":{"line":32,"column":8}},{"start":{"line":32,"column":8},"end":{"line":32,"column":8}}]},"2":{"line":41,"type":"if","locations":[{"start":{"line":41,"column":8},"end":{"line":41,"column":8}},{"start":{"line":41,"column":8},"end":{"line":41,"column":8}}]},"3":{"line":61,"type":"if","locations":[{"start":{"line":61,"column":8},"end":{"line":61,"column":8}},{"start":{"line":61,"column":8},"end":{"line":61,"column":8}}]}}},
"contracts/core/BruRewards.sol":{"l":{"89":8,"90":7,"97":5,"98":5,"99":4,"117":56,"125":28,"126":28,"127":28,"128":28,"129":28,"130":28,"131":28,"139":1,"146":2,"147":2,"148":2,"149":2,"150":2,"151":2,"159":2,"160":2,"169":2,"170":1,"171":1,"172":1,"173":1,"174":1,"175":1,"183":1,"184":1,"185":1,"186":1,"187":1,"195":3,"196":2,"200":1,"201":1,"202":1,"203":1,"211":19,"227":2,"228":2,"229":2,"230":2,"244":2,"245":2,"246":2,"247":2,"257":5,"259":3,"260":2,"262":2,"266":1,"267":1,"269":1,"270":1,"273":1,"276":1,"277":1,"279":1,"282":1,"284":1,"285":1,"286":1,"294":3},"path":"/Users/mr.d/Documents/Bru Finance/brufinancev2/upgradeable-contract/contracts/core/BruRewards.sol","s":{"1":8,"2":5,"3":5,"4":56,"5":28,"6":28,"7":28,"8":28,"9":28,"10":28,"11":28,"12":1,"13":2,"14":2,"15":2,"16":2,"17":2,"18":2,"19":2,"20":2,"21":2,"22":1,"23":1,"24":1,"25":1,"26":1,"27":1,"28":1,"29":1,"30":1,"31":1,"32":1,"33":3,"34":2,"35":1,"36":1,"37":1,"38":1,"39":19,"40":2,"41":2,"42":2,"43":2,"44":2,"45":2,"46":2,"47":2,"48":5,"49":3,"50":2,"51":2,"52":1,"53":1,"54":1,"55":1,"56":1,"57":1,"58":1,"59":1,"60":1,"61":1,"62":1,"63":1,"64":3},"b":{"1":[7,1],"2":[4,1],"3":[28,28],"4":[1,1],"5":[2,1],"6":[1,1],"7":[3,2],"8":[2,1],"9":[1,1],"10":[1,0],"11":[1,0],"12":[2,1]},"f":{"1":8,"2":5,"3":56,"4":1,"5":2,"6":2,"7":2,"8":3,"9":19,"10":2,"11":2,"12":5,"13":3},"fnMap":{"1":{"name":"onlyAdmin","line":88,"loc":{"start":{"line":88,"column":4},"end":{"line":91,"column":4}}},"2":{"name":"onlyPool","line":96,"loc":{"start":{"line":96,"column":4},"end":{"line":100,"column":4}}},"3":{"name":"initialize","line":116,"loc":{"start":{"line":110,"column":4},"end":{"line":132,"column":4}}},"4":{"name":"getLatestRewardIntervalForPool","line":138,"loc":{"start":{"line":138,"column":4},"end":{"line":140,"column":4}}},"5":{"name":"getRewardAPY","line":145,"loc":{"start":{"line":145,"column":4},"end":{"line":152,"column":4}}},"6":{"name":"changeEmission","line":158,"loc":{"start":{"line":158,"column":4},"end":{"line":161,"column":4}}},"7":{"name":"startRewardsForPool","line":168,"loc":{"start":{"line":168,"column":4},"end":{"line":188,"column":4}}},"8":{"name":"stopRewardsForPool","line":194,"loc":{"start":{"line":194,"column":4},"end":{"line":204,"column":4}}},"9":{"name":"getRewardStatusForPool","line":210,"loc":{"start":{"line":210,"column":4},"end":{"line":214,"column":4}}},"10":{"name":"updateLendAmountInRewardsInterval","line":226,"loc":{"start":{"line":222,"column":4},"end":{"line":231,"column":4}}},"11":{"name":"updateBorrowAmountInRewardsInterval","line":243,"loc":{"start":{"line":239,"column":4},"end":{"line":248,"column":4}}},"12":{"name":"claimRewards","line":256,"loc":{"start":{"line":256,"column":4},"end":{"line":287,"column":4}}},"13":{"name":"_authorizeUpgrade","line":293,"loc":{"start":{"line":293,"column":4},"end":{"line":295,"column":4}}}},"statementMap":{"1":{"start":{"line":89,"column":8},"end":{"line":89,"column":71}},"2":{"start":{"line":97,"column":8},"end":{"line":97,"column":94}},"3":{"start":{"line":98,"column":8},"end":{"line":98,"column":83}},"4":{"start":{"line":117,"column":8},"end":{"line":117,"column":5116}},"5":{"start":{"line":125,"column":8},"end":{"line":125,"column":35}},"6":{"start":{"line":126,"column":8},"end":{"line":126,"column":39}},"7":{"start":{"line":127,"column":8},"end":{"line":127,"column":27}},"8":{"start":{"line":128,"column":8},"end":{"line":128,"column":49}},"9":{"start":{"line":129,"column":8},"end":{"line":129,"column":43}},"10":{"start":{"line":130,"column":8},"end":{"line":130,"column":40}},"11":{"start":{"line":131,"column":8},"end":{"line":131,"column":32}},"12":{"start":{"line":139,"column":8},"end":{"line":139,"column":71}},"13":{"start":{"line":146,"column":8},"end":{"line":146,"column":75}},"14":{"start":{"line":147,"column":8},"end":{"line":147,"column":66}},"15":{"start":{"line":148,"column":8},"end":{"line":148,"column":102}},"16":{"start":{"line":149,"column":8},"end":{"line":149,"column":53}},"17":{"start":{"line":150,"column":8},"end":{"line":150,"column":51}},"18":{"start":{"line":151,"column":8},"end":{"line":151,"column":24}},"19":{"start":{"line":159,"column":8},"end":{"line":159,"column":27}},"20":{"start":{"line":160,"column":8},"end":{"line":160,"column":38}},"21":{"start":{"line":169,"column":8},"end":{"line":169,"column":115}},"22":{"start":{"line":170,"column":8},"end":{"line":170,"column":41}},"23":{"start":{"line":171,"column":8},"end":{"line":171,"column":43}},"24":{"start":{"line":172,"column":8},"end":{"line":172,"column":61}},"25":{"start":{"line":173,"column":8},"end":{"line":173,"column":92}},"26":{"start":{"line":174,"column":8},"end":{"line":174,"column":66}},"27":{"start":{"line":175,"column":8},"end":{"line":175,"column":7727}},"28":{"start":{"line":183,"column":8},"end":{"line":183,"column":94}},"29":{"start":{"line":184,"column":8},"end":{"line":184,"column":42}},"30":{"start":{"line":185,"column":8},"end":{"line":185,"column":68}},"31":{"start":{"line":186,"column":8},"end":{"line":186,"column":71}},"32":{"start":{"line":187,"column":8},"end":{"line":187,"column":54}},"33":{"start":{"line":195,"column":8},"end":{"line":195,"column":109}},"34":{"start":{"line":196,"column":8},"end":{"line":196,"column":8637}},"35":{"start":{"line":200,"column":8},"end":{"line":200,"column":80}},"36":{"start":{"line":201,"column":8},"end":{"line":201,"column":94}},"37":{"start":{"line":202,"column":8},"end":{"line":202,"column":58}},"38":{"start":{"line":203,"column":8},"end":{"line":203,"column":43}},"39":{"start":{"line":211,"column":8},"end":{"line":211,"column":9464}},"40":{"start":{"line":227,"column":8},"end":{"line":227,"column":50}},"41":{"start":{"line":228,"column":8},"end":{"line":228,"column":70}},"42":{"start":{"line":229,"column":8},"end":{"line":229,"column":90}},"43":{"start":{"line":230,"column":8},"end":{"line":230,"column":65}},"44":{"start":{"line":244,"column":8},"end":{"line":244,"column":50}},"45":{"start":{"line":245,"column":8},"end":{"line":245,"column":74}},"46":{"start":{"line":246,"column":8},"end":{"line":246,"column":94}},"47":{"start":{"line":247,"column":8},"end":{"line":247,"column":67}},"48":{"start":{"line":257,"column":8},"end":{"line":257,"column":109}},"49":{"start":{"line":259,"column":8},"end":{"line":259,"column":106}},"50":{"start":{"line":260,"column":8},"end":{"line":260,"column":96}},"51":{"start":{"line":262,"column":8},"end":{"line":262,"column":11949}},"52":{"start":{"line":266,"column":8},"end":{"line":266,"column":37}},"53":{"start":{"line":267,"column":8},"end":{"line":267,"column":39}},"54":{"start":{"line":269,"column":8},"end":{"line":269,"column":12187}},"55":{"start":{"line":270,"column":12},"end":{"line":270,"column":12303}},"56":{"start":{"line":273,"column":12},"end":{"line":273,"column":108}},"57":{"start":{"line":276,"column":8},"end":{"line":276,"column":12546}},"58":{"start":{"line":277,"column":12},"end":{"line":277,"column":12670}},"59":{"start":{"line":279,"column":12},"end":{"line":279,"column":112}},"60":{"start":{"line":282,"column":8},"end":{"line":282,"column":77}},"61":{"start":{"line":284,"column":8},"end":{"line":284,"column":67}},"62":{"start":{"line":285,"column":8},"end":{"line":285,"column":61}},"63":{"start":{"line":286,"column":8},"end":{"line":286,"column":70}},"64":{"start":{"line":294,"column":8},"end":{"line":294,"column":64}}},"branchMap":{"1":{"line":89,"type":"if","locations":[{"start":{"line":89,"column":8},"end":{"line":89,"column":8}},{"start":{"line":89,"column":8},"end":{"line":89,"column":8}}]},"2":{"line":98,"type":"if","locations":[{"start":{"line":98,"column":8},"end":{"line":98,"column":8}},{"start":{"line":98,"column":8},"end":{"line":98,"column":8}}]},"3":{"line":117,"type":"if","locations":[{"start":{"line":117,"column":8},"end":{"line":117,"column":8}},{"start":{"line":117,"column":8},"end":{"line":117,"column":8}}]},"4":{"line":169,"type":"if","locations":[{"start":{"line":169,"column":8},"end":{"line":169,"column":8}},{"start":{"line":169,"column":8},"end":{"line":169,"column":8}}]},"5":{"line":195,"type":"if","locations":[{"start":{"line":195,"column":8},"end":{"line":195,"column":8}},{"start":{"line":195,"column":8},"end":{"line":195,"column":8}}]},"6":{"line":196,"type":"if","locations":[{"start":{"line":196,"column":8},"end":{"line":196,"column":8}},{"start":{"line":196,"column":8},"end":{"line":196,"column":8}}]},"7":{"line":257,"type":"if","locations":[{"start":{"line":257,"column":8},"end":{"line":257,"column":8}},{"start":{"line":257,"column":8},"end":{"line":257,"column":8}}]},"8":{"line":259,"type":"if","locations":[{"start":{"line":259,"column":8},"end":{"line":259,"column":8}},{"start":{"line":259,"column":8},"end":{"line":259,"column":8}}]},"9":{"line":262,"type":"if","locations":[{"start":{"line":262,"column":8},"end":{"line":262,"column":8}},{"start":{"line":262,"column":8},"end":{"line":262,"column":8}}]},"10":{"line":269,"type":"if","locations":[{"start":{"line":269,"column":8},"end":{"line":269,"column":8}},{"start":{"line":269,"column":8},"end":{"line":269,"column":8}}]},"11":{"line":276,"type":"if","locations":[{"start":{"line":276,"column":8},"end":{"line":276,"column":8}},{"start":{"line":276,"column":8},"end":{"line":276,"column":8}}]},"12":{"line":294,"type":"if","locations":[{"start":{"line":294,"column":8},"end":{"line":294,"column":8}},{"start":{"line":294,"column":8},"end":{"line":294,"column":8}}]}}},
"contracts/core/TestOracle.sol":{"l":{"16":2,"20":1},"path":"/Users/mr.d/Documents/Bru Finance/brufinancev2/upgradeable-contract/contracts/core/TestOracle.sol","s":{"1":2,"2":1},"b":{},"f":{"1":2,"2":1},"fnMap":{"1":{"name":"latestRoundData","line":5,"loc":{"start":{"line":5,"column":4},"end":{"line":17,"column":4}}},"2":{"name":"decimals","line":19,"loc":{"start":{"line":19,"column":4},"end":{"line":21,"column":4}}}},"statementMap":{"1":{"start":{"line":16,"column":8},"end":{"line":16,"column":38}},"2":{"start":{"line":20,"column":8},"end":{"line":20,"column":23}}},"branchMap":{}},
"contracts/interfaces/IBruProxy.sol":{"l":{},"path":"/Users/mr.d/Documents/Bru Finance/brufinancev2/upgradeable-contract/contracts/interfaces/IBruProxy.sol","s":{},"b":{},"f":{},"fnMap":{},"statementMap":{},"branchMap":{}},
"contracts/multisig/MultiSig.sol":{"l":{"99":1141,"100":1140,"108":28,"109":28,"110":28,"111":28,"112":28,"113":28,"114":28,"115":28,"116":28,"117":28,"118":28,"119":28,"120":28,"121":28,"122":112,"123":112,"140":548,"148":35,"156":3,"165":592,"166":588,"167":566,"168":566,"169":566,"171":566,"172":543,"173":543,"174":2,"175":2,"177":1,"178":1,"180":2,"181":2,"183":1,"184":1,"186":1,"187":1,"189":3,"191":283,"192":283,"194":2,"196":3,"198":1,"201":1,"203":1,"206":1,"208":2,"210":1,"212":3,"213":3,"215":2,"217":1,"219":1,"221":1,"223":2,"225":2,"227":3,"229":29,"232":29,"234":29,"237":29,"239":1,"241":2,"243":1,"245":5,"255":128,"264":1,"265":1,"267":1,"269":2,"271":1,"273":2,"275":1,"277":1,"279":3,"285":1,"287":2,"293":1,"299":1,"301":3,"302":3,"304":1,"306":1,"308":1,"310":1,"312":1,"314":1,"316":1,"317":1,"319":2,"321":1,"331":3,"332":2,"333":2,"341":3,"349":2,"350":1,"351":1,"352":1,"353":1,"361":3,"362":1,"363":1,"364":1,"365":1,"366":1,"367":1,"368":1},"path":"/Users/mr.d/Documents/Bru Finance/brufinancev2/upgradeable-contract/contracts/multisig/MultiSig.sol","s":{"1":1141,"2":28,"3":28,"4":28,"5":28,"6":28,"7":28,"8":28,"9":28,"10":28,"11":28,"12":28,"13":28,"14":28,"15":28,"16":112,"17":112,"18":548,"19":35,"20":3,"21":592,"22":588,"23":566,"24":566,"25":566,"26":543,"27":543,"28":2,"29":2,"30":541,"31":1,"32":1,"33":540,"34":2,"35":2,"36":538,"37":1,"38":1,"39":537,"40":1,"41":1,"42":536,"43":3,"44":533,"45":283,"46":283,"47":250,"48":2,"49":248,"50":3,"51":245,"52":1,"53":1,"54":244,"55":1,"56":1,"57":243,"58":2,"59":241,"60":1,"61":240,"62":3,"63":3,"64":237,"65":2,"66":235,"67":1,"68":234,"69":1,"70":233,"71":1,"72":232,"73":2,"74":230,"75":2,"76":228,"77":3,"78":225,"79":29,"80":29,"81":196,"82":29,"83":29,"84":167,"85":1,"86":166,"87":2,"88":164,"89":1,"90":163,"91":5,"92":158,"93":128,"94":30,"95":1,"96":1,"97":29,"98":1,"99":28,"100":2,"101":26,"102":1,"103":25,"104":2,"105":23,"106":1,"107":22,"108":1,"109":21,"110":3,"111":18,"112":1,"113":17,"114":2,"115":15,"116":1,"117":14,"118":1,"119":13,"120":3,"121":3,"122":10,"123":1,"124":9,"125":1,"126":8,"127":1,"128":7,"129":1,"130":6,"131":1,"132":5,"133":1,"134":4,"135":1,"136":1,"137":3,"138":2,"139":1,"140":3,"141":2,"142":2,"143":3,"144":2,"145":1,"146":1,"147":1,"148":1,"149":3,"150":1,"151":1,"152":1,"153":1,"154":1,"155":1},"b":{"1":[1140,1],"2":[588,4],"3":[566,22],"4":[543,23],"5":[2,541],"6":[1,540],"7":[2,538],"8":[1,537],"9":[1,536],"10":[3,533],"11":[283,250],"12":[2,248],"13":[3,245],"14":[1,244],"15":[1,243],"16":[2,241],"17":[1,240],"18":[3,237],"19":[2,235],"20":[1,234],"21":[1,233],"22":[1,232],"23":[2,230],"24":[2,228],"25":[3,225],"26":[29,196],"27":[29,167],"28":[1,166],"29":[2,164],"30":[1,163],"31":[5,158],"32":[128,30],"33":[1,29],"34":[1,28],"35":[2,26],"36":[1,25],"37":[2,23],"38":[1,22],"39":[1,21],"40":[3,18],"41":[1,17],"42":[2,15],"43":[1,14],"44":[1,13],"45":[3,10],"46":[1,9],"47":[1,8],"48":[1,7],"49":[1,6],"50":[1,5],"51":[1,4],"52":[1,3],"53":[2,1],"54":[2,1],"55":[2,1],"56":[1,1],"57":[1,2]},"f":{"1":1141,"2":28,"3":548,"4":35,"5":3,"6":592,"7":3,"8":3,"9":2,"10":3},"fnMap":{"1":{"name":"onlyApprover","line":98,"loc":{"start":{"line":98,"column":4},"end":{"line":101,"column":4}}},"2":{"name":"initialize","line":107,"loc":{"start":{"line":107,"column":4},"end":{"line":125,"column":4}}},"3":{"name":"createProposal","line":139,"loc":{"start":{"line":134,"column":4},"end":{"line":141,"column":4}}},"4":{"name":"getAllProposals","line":147,"loc":{"start":{"line":147,"column":4},"end":{"line":149,"column":4}}},"5":{"name":"getAllApprovers","line":155,"loc":{"start":{"line":155,"column":4},"end":{"line":157,"column":4}}},"6":{"name":"approveTransfer","line":164,"loc":{"start":{"line":164,"column":4},"end":{"line":324,"column":4}}},"7":{"name":"updateQuorum","line":330,"loc":{"start":{"line":330,"column":4},"end":{"line":334,"column":4}}},"8":{"name":"_authorizeUpgrade","line":340,"loc":{"start":{"line":340,"column":4},"end":{"line":342,"column":4}}},"9":{"name":"addApprover","line":348,"loc":{"start":{"line":348,"column":4},"end":{"line":354,"column":4}}},"10":{"name":"removeApprover","line":360,"loc":{"start":{"line":360,"column":4},"end":{"line":369,"column":4}}}},"statementMap":{"1":{"start":{"line":99,"column":8},"end":{"line":99,"column":63}},"2":{"start":{"line":108,"column":8},"end":{"line":108,"column":36}},"3":{"start":{"line":109,"column":8},"end":{"line":109,"column":46}},"4":{"start":{"line":110,"column":8},"end":{"line":110,"column":30}},"5":{"start":{"line":111,"column":8},"end":{"line":111,"column":44}},"6":{"start":{"line":112,"column":8},"end":{"line":112,"column":58}},"7":{"start":{"line":113,"column":8},"end":{"line":113,"column":50}},"8":{"start":{"line":114,"column":8},"end":{"line":114,"column":54}},"9":{"start":{"line":115,"column":8},"end":{"line":115,"column":46}},"10":{"start":{"line":116,"column":8},"end":{"line":116,"column":44}},"11":{"start":{"line":117,"column":8},"end":{"line":117,"column":42}},"12":{"start":{"line":118,"column":8},"end":{"line":118,"column":48}},"13":{"start":{"line":119,"column":8},"end":{"line":119,"column":62}},"14":{"start":{"line":120,"column":8},"end":{"line":120,"column":48}},"15":{"start":{"line":121,"column":8},"end":{"line":121,"column":4526}},"16":{"start":{"line":122,"column":12},"end":{"line":122,"column":42}},"17":{"start":{"line":123,"column":12},"end":{"line":123,"column":46}},"18":{"start":{"line":140,"column":8},"end":{"line":140,"column":93}},"19":{"start":{"line":148,"column":8},"end":{"line":148,"column":24}},"20":{"start":{"line":156,"column":8},"end":{"line":156,"column":24}},"21":{"start":{"line":165,"column":8},"end":{"line":165,"column":65}},"22":{"start":{"line":166,"column":8},"end":{"line":166,"column":89}},"23":{"start":{"line":167,"column":8},"end":{"line":167,"column":27}},"24":{"start":{"line":168,"column":8},"end":{"line":168,"column":53}},"25":{"start":{"line":171,"column":8},"end":{"line":171,"column":6323}},"26":{"start":{"line":172,"column":12},"end":{"line":172,"column":37}},"27":{"start":{"line":173,"column":12},"end":{"line":173,"column":6421}},"28":{"start":{"line":174,"column":16},"end":{"line":174,"column":112}},"29":{"start":{"line":175,"column":16},"end":{"line":175,"column":77}},"30":{"start":{"line":176,"column":19},"end":{"line":176,"column":6659}},"31":{"start":{"line":177,"column":16},"end":{"line":177,"column":112}},"32":{"start":{"line":178,"column":16},"end":{"line":178,"column":73}},"33":{"start":{"line":179,"column":19},"end":{"line":179,"column":6893}},"34":{"start":{"line":180,"column":16},"end":{"line":180,"column":112}},"35":{"start":{"line":181,"column":16},"end":{"line":181,"column":85}},"36":{"start":{"line":182,"column":19},"end":{"line":182,"column":7139}},"37":{"start":{"line":183,"column":16},"end":{"line":183,"column":112}},"38":{"start":{"line":184,"column":16},"end":{"line":184,"column":84}},"39":{"start":{"line":185,"column":19},"end":{"line":185,"column":7384}},"40":{"start":{"line":186,"column":16},"end":{"line":186,"column":112}},"41":{"start":{"line":187,"column":16},"end":{"line":187,"column":82}},"42":{"start":{"line":188,"column":19},"end":{"line":188,"column":7627}},"43":{"start":{"line":189,"column":16},"end":{"line":189,"column":52}},"44":{"start":{"line":190,"column":19},"end":{"line":190,"column":7725}},"45":{"start":{"line":191,"column":16},"end":{"line":191,"column":112}},"46":{"start":{"line":192,"column":16},"end":{"line":192,"column":77}},"47":{"start":{"line":193,"column":19},"end":{"line":193,"column":7963}},"48":{"start":{"line":194,"column":16},"end":{"line":194,"column":50}},"49":{"start":{"line":195,"column":19},"end":{"line":195,"column":8059}},"50":{"start":{"line":196,"column":16},"end":{"line":196,"column":53}},"51":{"start":{"line":197,"column":19},"end":{"line":197,"column":8158}},"52":{"start":{"line":198,"column":16},"end":{"line":198,"column":8228}},"53":{"start":{"line":201,"column":16},"end":{"line":201,"column":80}},"54":{"start":{"line":202,"column":19},"end":{"line":202,"column":8463}},"55":{"start":{"line":203,"column":16},"end":{"line":203,"column":8529}},"56":{"start":{"line":206,"column":16},"end":{"line":206,"column":76}},"57":{"start":{"line":207,"column":19},"end":{"line":207,"column":8756}},"58":{"start":{"line":208,"column":16},"end":{"line":208,"column":73}},"59":{"start":{"line":209,"column":19},"end":{"line":209,"column":8876}},"60":{"start":{"line":210,"column":16},"end":{"line":210,"column":75}},"61":{"start":{"line":211,"column":19},"end":{"line":211,"column":8998}},"62":{"start":{"line":212,"column":16},"end":{"line":212,"column":112}},"63":{"start":{"line":213,"column":16},"end":{"line":213,"column":69}},"64":{"start":{"line":214,"column":19},"end":{"line":214,"column":9229}},"65":{"start":{"line":215,"column":16},"end":{"line":215,"column":53}},"66":{"start":{"line":216,"column":19},"end":{"line":216,"column":9329}},"67":{"start":{"line":217,"column":16},"end":{"line":217,"column":80}},"68":{"start":{"line":218,"column":19},"end":{"line":218,"column":9456}},"69":{"start":{"line":219,"column":16},"end":{"line":219,"column":76}},"70":{"start":{"line":220,"column":19},"end":{"line":220,"column":9579}},"71":{"start":{"line":221,"column":16},"end":{"line":221,"column":84}},"72":{"start":{"line":222,"column":19},"end":{"line":222,"column":9710}},"73":{"start":{"line":223,"column":16},"end":{"line":223,"column":81}},"74":{"start":{"line":224,"column":19},"end":{"line":224,"column":9838}},"75":{"start":{"line":225,"column":16},"end":{"line":225,"column":111}},"76":{"start":{"line":226,"column":19},"end":{"line":226,"column":9996}},"77":{"start":{"line":227,"column":16},"end":{"line":227,"column":85}},"78":{"start":{"line":228,"column":19},"end":{"line":228,"column":10128}},"79":{"start":{"line":229,"column":16},"end":{"line":229,"column":10198}},"80":{"start":{"line":232,"column":16},"end":{"line":232,"column":85}},"81":{"start":{"line":233,"column":19},"end":{"line":233,"column":10438}},"82":{"start":{"line":234,"column":16},"end":{"line":234,"column":10504}},"83":{"start":{"line":237,"column":16},"end":{"line":237,"column":81}},"84":{"start":{"line":238,"column":19},"end":{"line":238,"column":10736}},"85":{"start":{"line":239,"column":16},"end":{"line":239,"column":81}},"86":{"start":{"line":240,"column":19},"end":{"line":240,"column":10864}},"87":{"start":{"line":241,"column":16},"end":{"line":241,"column":72}},"88":{"start":{"line":242,"column":19},"end":{"line":242,"column":10983}},"89":{"start":{"line":243,"column":16},"end":{"line":243,"column":117}},"90":{"start":{"line":244,"column":19},"end":{"line":244,"column":11147}},"91":{"start":{"line":245,"column":16},"end":{"line":245,"column":11192}},"92":{"start":{"line":254,"column":17},"end":{"line":254,"column":11608}},"93":{"start":{"line":255,"column":16},"end":{"line":255,"column":11653}},"94":{"start":{"line":263,"column":19},"end":{"line":263,"column":11992}},"95":{"start":{"line":264,"column":16},"end":{"line":264,"column":112}},"96":{"start":{"line":265,"column":16},"end":{"line":265,"column":67}},"97":{"start":{"line":266,"column":19},"end":{"line":266,"column":12221}},"98":{"start":{"line":267,"column":16},"end":{"line":267,"column":66}},"99":{"start":{"line":268,"column":19},"end":{"line":268,"column":12334}},"100":{"start":{"line":269,"column":16},"end":{"line":269,"column":75}},"101":{"start":{"line":270,"column":19},"end":{"line":270,"column":12456}},"102":{"start":{"line":271,"column":16},"end":{"line":271,"column":73}},"103":{"start":{"line":272,"column":19},"end":{"line":272,"column":12576}},"104":{"start":{"line":273,"column":16},"end":{"line":273,"column":93}},"105":{"start":{"line":274,"column":19},"end":{"line":274,"column":12716}},"106":{"start":{"line":275,"column":16},"end":{"line":275,"column":83}},"107":{"start":{"line":276,"column":19},"end":{"line":276,"column":12846}},"108":{"start":{"line":277,"column":16},"end":{"line":277,"column":60}},"109":{"start":{"line":278,"column":19},"end":{"line":278,"column":12953}},"110":{"start":{"line":279,"column":16},"end":{"line":279,"column":12998}},"111":{"start":{"line":284,"column":19},"end":{"line":284,"column":13212}},"112":{"start":{"line":285,"column":16},"end":{"line":285,"column":96}},"113":{"start":{"line":286,"column":19},"end":{"line":286,"column":13355}},"114":{"start":{"line":287,"column":16},"end":{"line":287,"column":13400}},"115":{"start":{"line":292,"column":19},"end":{"line":292,"column":13626}},"116":{"start":{"line":293,"column":16},"end":{"line":293,"column":13671}},"117":{"start":{"line":298,"column":19},"end":{"line":298,"column":13877}},"118":{"start":{"line":299,"column":16},"end":{"line":299,"column":74}},"119":{"start":{"line":300,"column":19},"end":{"line":300,"column":13998}},"120":{"start":{"line":301,"column":16},"end":{"line":301,"column":112}},"121":{"start":{"line":302,"column":16},"end":{"line":302,"column":78}},"122":{"start":{"line":303,"column":19},"end":{"line":303,"column":14238}},"123":{"start":{"line":304,"column":16},"end":{"line":304,"column":97}},"124":{"start":{"line":305,"column":19},"end":{"line":305,"column":14382}},"125":{"start":{"line":306,"column":16},"end":{"line":306,"column":91}},"126":{"start":{"line":307,"column":19},"end":{"line":307,"column":14520}},"127":{"start":{"line":308,"column":16},"end":{"line":308,"column":113}},"128":{"start":{"line":309,"column":19},"end":{"line":309,"column":14680}},"129":{"start":{"line":310,"column":16},"end":{"line":310,"column":73}},"130":{"start":{"line":311,"column":19},"end":{"line":311,"column":14800}},"131":{"start":{"line":312,"column":16},"end":{"line":312,"column":51}},"132":{"start":{"line":313,"column":19},"end":{"line":313,"column":14898}},"133":{"start":{"line":314,"column":16},"end":{"line":314,"column":80}},"134":{"start":{"line":315,"column":19},"end":{"line":315,"column":15025}},"135":{"start":{"line":316,"column":16},"end":{"line":316,"column":112}},"136":{"start":{"line":317,"column":16},"end":{"line":317,"column":79}},"137":{"start":{"line":318,"column":19},"end":{"line":318,"column":15266}},"138":{"start":{"line":319,"column":16},"end":{"line":319,"column":108}},"139":{"start":{"line":321,"column":16},"end":{"line":321,"column":44}},"140":{"start":{"line":331,"column":8},"end":{"line":331,"column":85}},"141":{"start":{"line":332,"column":8},"end":{"line":332,"column":22}},"142":{"start":{"line":333,"column":8},"end":{"line":333,"column":34}},"143":{"start":{"line":341,"column":8},"end":{"line":341,"column":64}},"144":{"start":{"line":349,"column":8},"end":{"line":349,"column":65}},"145":{"start":{"line":350,"column":8},"end":{"line":350,"column":39}},"146":{"start":{"line":351,"column":8},"end":{"line":351,"column":42}},"147":{"start":{"line":352,"column":8},"end":{"line":352,"column":57}},"148":{"start":{"line":353,"column":8},"end":{"line":353,"column":44}},"149":{"start":{"line":361,"column":8},"end":{"line":361,"column":60}},"150":{"start":{"line":362,"column":8},"end":{"line":362,"column":43}},"151":{"start":{"line":363,"column":8},"end":{"line":363,"column":55}},"152":{"start":{"line":364,"column":8},"end":{"line":364,"column":61}},"153":{"start":{"line":365,"column":8},"end":{"line":365,"column":61}},"154":{"start":{"line":367,"column":8},"end":{"line":367,"column":22}},"155":{"start":{"line":368,"column":8},"end":{"line":368,"column":46}}},"branchMap":{"1":{"line":99,"type":"if","locations":[{"start":{"line":99,"column":8},"end":{"line":99,"column":8}},{"start":{"line":99,"column":8},"end":{"line":99,"column":8}}]},"2":{"line":165,"type":"if","locations":[{"start":{"line":165,"column":8},"end":{"line":165,"column":8}},{"start":{"line":165,"column":8},"end":{"line":165,"column":8}}]},"3":{"line":166,"type":"if","locations":[{"start":{"line":166,"column":8},"end":{"line":166,"column":8}},{"start":{"line":166,"column":8},"end":{"line":166,"column":8}}]},"4":{"line":171,"type":"if","locations":[{"start":{"line":171,"column":8},"end":{"line":171,"column":8}},{"start":{"line":171,"column":8},"end":{"line":171,"column":8}}]},"5":{"line":173,"type":"if","locations":[{"start":{"line":173,"column":12},"end":{"line":173,"column":12}},{"start":{"line":173,"column":12},"end":{"line":173,"column":12}}]},"6":{"line":176,"type":"if","locations":[{"start":{"line":176,"column":19},"end":{"line":176,"column":19}},{"start":{"line":176,"column":19},"end":{"line":176,"column":19}}]},"7":{"line":179,"type":"if","locations":[{"start":{"line":179,"column":19},"end":{"line":179,"column":19}},{"start":{"line":179,"column":19},"end":{"line":179,"column":19}}]},"8":{"line":182,"type":"if","locations":[{"start":{"line":182,"column":19},"end":{"line":182,"column":19}},{"start":{"line":182,"column":19},"end":{"line":182,"column":19}}]},"9":{"line":185,"type":"if","locations":[{"start":{"line":185,"column":19},"end":{"line":185,"column":19}},{"start":{"line":185,"column":19},"end":{"line":185,"column":19}}]},"10":{"line":188,"type":"if","locations":[{"start":{"line":188,"column":19},"end":{"line":188,"column":19}},{"start":{"line":188,"column":19},"end":{"line":188,"column":19}}]},"11":{"line":190,"type":"if","locations":[{"start":{"line":190,"column":19},"end":{"line":190,"column":19}},{"start":{"line":190,"column":19},"end":{"line":190,"column":19}}]},"12":{"line":193,"type":"if","locations":[{"start":{"line":193,"column":19},"end":{"line":193,"column":19}},{"start":{"line":193,"column":19},"end":{"line":193,"column":19}}]},"13":{"line":195,"type":"if","locations":[{"start":{"line":195,"column":19},"end":{"line":195,"column":19}},{"start":{"line":195,"column":19},"end":{"line":195,"column":19}}]},"14":{"line":197,"type":"if","locations":[{"start":{"line":197,"column":19},"end":{"line":197,"column":19}},{"start":{"line":197,"column":19},"end":{"line":197,"column":19}}]},"15":{"line":202,"type":"if","locations":[{"start":{"line":202,"column":19},"end":{"line":202,"column":19}},{"start":{"line":202,"column":19},"end":{"line":202,"column":19}}]},"16":{"line":207,"type":"if","locations":[{"start":{"line":207,"column":19},"end":{"line":207,"column":19}},{"start":{"line":207,"column":19},"end":{"line":207,"column":19}}]},"17":{"line":209,"type":"if","locations":[{"start":{"line":209,"column":19},"end":{"line":209,"column":19}},{"start":{"line":209,"column":19},"end":{"line":209,"column":19}}]},"18":{"line":211,"type":"if","locations":[{"start":{"line":211,"column":19},"end":{"line":211,"column":19}},{"start":{"line":211,"column":19},"end":{"line":211,"column":19}}]},"19":{"line":214,"type":"if","locations":[{"start":{"line":214,"column":19},"end":{"line":214,"column":19}},{"start":{"line":214,"column":19},"end":{"line":214,"column":19}}]},"20":{"line":216,"type":"if","locations":[{"start":{"line":216,"column":19},"end":{"line":216,"column":19}},{"start":{"line":216,"column":19},"end":{"line":216,"column":19}}]},"21":{"line":218,"type":"if","locations":[{"start":{"line":218,"column":19},"end":{"line":218,"column":19}},{"start":{"line":218,"column":19},"end":{"line":218,"column":19}}]},"22":{"line":220,"type":"if","locations":[{"start":{"line":220,"column":19},"end":{"line":220,"column":19}},{"start":{"line":220,"column":19},"end":{"line":220,"column":19}}]},"23":{"line":222,"type":"if","locations":[{"start":{"line":222,"column":19},"end":{"line":222,"column":19}},{"start":{"line":222,"column":19},"end":{"line":222,"column":19}}]},"24":{"line":224,"type":"if","locations":[{"start":{"line":224,"column":19},"end":{"line":224,"column":19}},{"start":{"line":224,"column":19},"end":{"line":224,"column":19}}]},"25":{"line":226,"type":"if","locations":[{"start":{"line":226,"column":19},"end":{"line":226,"column":19}},{"start":{"line":226,"column":19},"end":{"line":226,"column":19}}]},"26":{"line":228,"type":"if","locations":[{"start":{"line":228,"column":19},"end":{"line":228,"column":19}},{"start":{"line":228,"column":19},"end":{"line":228,"column":19}}]},"27":{"line":233,"type":"if","locations":[{"start":{"line":233,"column":19},"end":{"line":233,"column":19}},{"start":{"line":233,"column":19},"end":{"line":233,"column":19}}]},"28":{"line":238,"type":"if","locations":[{"start":{"line":238,"column":19},"end":{"line":238,"column":19}},{"start":{"line":238,"column":19},"end":{"line":238,"column":19}}]},"29":{"line":240,"type":"if","locations":[{"start":{"line":240,"column":19},"end":{"line":240,"column":19}},{"start":{"line":240,"column":19},"end":{"line":240,"column":19}}]},"30":{"line":242,"type":"if","locations":[{"start":{"line":242,"column":19},"end":{"line":242,"column":19}},{"start":{"line":242,"column":19},"end":{"line":242,"column":19}}]},"31":{"line":244,"type":"if","locations":[{"start":{"line":244,"column":19},"end":{"line":244,"column":19}},{"start":{"line":244,"column":19},"end":{"line":244,"column":19}}]},"32":{"line":254,"type":"if","locations":[{"start":{"line":254,"column":17},"end":{"line":254,"column":17}},{"start":{"line":254,"column":17},"end":{"line":254,"column":17}}]},"33":{"line":263,"type":"if","locations":[{"start":{"line":263,"column":19},"end":{"line":263,"column":19}},{"start":{"line":263,"column":19},"end":{"line":263,"column":19}}]},"34":{"line":266,"type":"if","locations":[{"start":{"line":266,"column":19},"end":{"line":266,"column":19}},{"start":{"line":266,"column":19},"end":{"line":266,"column":19}}]},"35":{"line":268,"type":"if","locations":[{"start":{"line":268,"column":19},"end":{"line":268,"column":19}},{"start":{"line":268,"column":19},"end":{"line":268,"column":19}}]},"36":{"line":270,"type":"if","locations":[{"start":{"line":270,"column":19},"end":{"line":270,"column":19}},{"start":{"line":270,"column":19},"end":{"line":270,"column":19}}]},"37":{"line":272,"type":"if","locations":[{"start":{"line":272,"column":19},"end":{"line":272,"column":19}},{"start":{"line":272,"column":19},"end":{"line":272,"column":19}}]},"38":{"line":274,"type":"if","locations":[{"start":{"line":274,"column":19},"end":{"line":274,"column":19}},{"start":{"line":274,"column":19},"end":{"line":274,"column":19}}]},"39":{"line":276,"type":"if","locations":[{"start":{"line":276,"column":19},"end":{"line":276,"column":19}},{"start":{"line":276,"column":19},"end":{"line":276,"column":19}}]},"40":{"line":278,"type":"if","locations":[{"start":{"line":278,"column":19},"end":{"line":278,"column":19}},{"start":{"line":278,"column":19},"end":{"line":278,"column":19}}]},"41":{"line":284,"type":"if","locations":[{"start":{"line":284,"column":19},"end":{"line":284,"column":19}},{"start":{"line":284,"column":19},"end":{"line":284,"column":19}}]},"42":{"line":286,"type":"if","locations":[{"start":{"line":286,"column":19},"end":{"line":286,"column":19}},{"start":{"line":286,"column":19},"end":{"line":286,"column":19}}]},"43":{"line":292,"type":"if","locations":[{"start":{"line":292,"column":19},"end":{"line":292,"column":19}},{"start":{"line":292,"column":19},"end":{"line":292,"column":19}}]},"44":{"line":298,"type":"if","locations":[{"start":{"line":298,"column":19},"end":{"line":298,"column":19}},{"start":{"line":298,"column":19},"end":{"line":298,"column":19}}]},"45":{"line":300,"type":"if","locations":[{"start":{"line":300,"column":19},"end":{"line":300,"column":19}},{"start":{"line":300,"column":19},"end":{"line":300,"column":19}}]},"46":{"line":303,"type":"if","locations":[{"start":{"line":303,"column":19},"end":{"line":303,"column":19}},{"start":{"line":303,"column":19},"end":{"line":303,"column":19}}]},"47":{"line":305,"type":"if","locations":[{"start":{"line":305,"column":19},"end":{"line":305,"column":19}},{"start":{"line":305,"column":19},"end":{"line":305,"column":19}}]},"48":{"line":307,"type":"if","locations":[{"start":{"line":307,"column":19},"end":{"line":307,"column":19}},{"start":{"line":307,"column":19},"end":{"line":307,"column":19}}]},"49":{"line":309,"type":"if","locations":[{"start":{"line":309,"column":19},"end":{"line":309,"column":19}},{"start":{"line":309,"column":19},"end":{"line":309,"column":19}}]},"50":{"line":311,"type":"if","locations":[{"start":{"line":311,"column":19},"end":{"line":311,"column":19}},{"start":{"line":311,"column":19},"end":{"line":311,"column":19}}]},"51":{"line":313,"type":"if","locations":[{"start":{"line":313,"column":19},"end":{"line":313,"column":19}},{"start":{"line":313,"column":19},"end":{"line":313,"column":19}}]},"52":{"line":315,"type":"if","locations":[{"start":{"line":315,"column":19},"end":{"line":315,"column":19}},{"start":{"line":315,"column":19},"end":{"line":315,"column":19}}]},"53":{"line":318,"type":"if","locations":[{"start":{"line":318,"column":19},"end":{"line":318,"column":19}},{"start":{"line":318,"column":19},"end":{"line":318,"column":19}}]},"54":{"line":331,"type":"if","locations":[{"start":{"line":331,"column":8},"end":{"line":331,"column":8}},{"start":{"line":331,"column":8},"end":{"line":331,"column":8}}]},"55":{"line":341,"type":"if","locations":[{"start":{"line":341,"column":8},"end":{"line":341,"column":8}},{"start":{"line":341,"column":8},"end":{"line":341,"column":8}}]},"56":{"line":349,"type":"if","locations":[{"start":{"line":349,"column":8},"end":{"line":349,"column":8}},{"start":{"line":349,"column":8},"end":{"line":349,"column":8}}]},"57":{"line":361,"type":"if","locations":[{"start":{"line":361,"column":8},"end":{"line":361,"column":8}},{"start":{"line":361,"column":8},"end":{"line":361,"column":8}}]}}},
"contracts/proxy/BruProxy.sol":{"l":{},"path":"/Users/mr.d/Documents/Bru Finance/brufinancev2/upgradeable-contract/contracts/proxy/BruProxy.sol","s":{},"b":{},"f":{"1":924},"fnMap":{"1":{"name":"constructor","line":16,"loc":{"start":{"line":16,"column":4},"end":{"line":16,"column":90}}}},"statementMap":{},"branchMap":{}},
"contracts/tokens/BINR.sol":{"l":{"21":84,"30":4,"39":0,"47":0},"path":"/Users/mr.d/Documents/Bru Finance/brufinancev2/upgradeable-contract/contracts/tokens/BINR.sol","s":{"1":84,"2":4,"3":0,"4":0},"b":{},"f":{"1":84,"2":4,"3":0,"4":0},"fnMap":{"1":{"name":"constructor","line":20,"loc":{"start":{"line":20,"column":4},"end":{"line":22,"column":4}}},"2":{"name":"mint","line":29,"loc":{"start":{"line":29,"column":4},"end":{"line":31,"column":4}}},"3":{"name":"burn","line":38,"loc":{"start":{"line":38,"column":4},"end":{"line":40,"column":4}}},"4":{"name":"approveTokensForTransfer","line":46,"loc":{"start":{"line":46,"column":4},"end":{"line":48,"column":4}}}},"statementMap":{"1":{"start":{"line":21,"column":8},"end":{"line":21,"column":40}},"2":{"start":{"line":30,"column":8},"end":{"line":30,"column":31}},"3":{"start":{"line":39,"column":8},"end":{"line":39,"column":31}},"4":{"start":{"line":47,"column":8},"end":{"line":47,"column":33}}},"branchMap":{}},
[...]
"contracts/vesting/VestingBurn.sol":{"l":{"62":2,"66":0,"67":0,"68":0,"76":5,"77":3,"82":2,"84":2,"85":1,"86":1,"88":1,"89":1,"90":1,"96":1,"114":5,"115":4,"116":3,"117":2,"118":2,"119":2,"120":2,"121":2,"122":2,"123":2,"124":2,"125":2,"126":2},"path":"/Users/mr.d/Documents/Bru Finance/brufinancev2/upgradeable-contract/contracts/vesting/VestingBurn.sol","s":{"1":2,"2":0,"3":0,"4":0,"5":5,"6":3,"7":2,"8":2,"9":1,"10":1,"11":1,"12":1,"13":1,"14":1,"15":5,"16":4,"17":3,"18":2,"19":2,"20":2,"21":2,"22":2,"23":2,"24":2,"25":2,"26":2},"b":{"1":[0,2],"2":[3,2],"3":[2,1],"4":[1,1],"5":[4,1],"6":[3,1],"7":[2,1]},"f":{"1":2,"2":5,"3":5},"fnMap":{"1":{"name":"burnTokensFromCategory","line":61,"loc":{"start":{"line":61,"column":4},"end":{"line":69,"column":4}}},"2":{"name":"exchangeTokens","line":75,"loc":{"start":{"line":75,"column":4},"end":{"line":97,"column":4}}},"3":{"name":"startExchange","line":113,"loc":{"start":{"line":107,"column":4},"end":{"line":134,"column":4}}}},"statementMap":{"1":{"start":{"line":62,"column":8},"end":{"line":62,"column":2185}},"2":{"start":{"line":66,"column":8},"end":{"line":66,"column":59}},"3":{"start":{"line":67,"column":8},"end":{"line":67,"column":74}},"4":{"start":{"line":68,"column":8},"end":{"line":68,"column":49}},"5":{"start":{"line":76,"column":8},"end":{"line":76,"column":109}},"6":{"start":{"line":77,"column":8},"end":{"line":77,"column":2997}},"7":{"start":{"line":82,"column":8},"end":{"line":82,"column":94}},"8":{"start":{"line":84,"column":8},"end":{"line":84,"column":118}},"9":{"start":{"line":85,"column":8},"end":{"line":85,"column":67}},"10":{"start":{"line":86,"column":8},"end":{"line":86,"column":3556}},"11":{"start":{"line":88,"column":8},"end":{"line":88,"column":90}},"12":{"start":{"line":89,"column":8},"end":{"line":89,"column":77}},"13":{"start":{"line":90,"column":8},"end":{"line":90,"column":3829}},"14":{"start":{"line":96,"column":8},"end":{"line":96,"column":81}},"15":{"start":{"line":114,"column":8},"end":{"line":114,"column":68}},"16":{"start":{"line":115,"column":8},"end":{"line":115,"column":100}},"17":{"start":{"line":116,"column":8},"end":{"line":116,"column":76}},"18":{"start":{"line":118,"column":8},"end":{"line":118,"column":59}},"19":{"start":{"line":119,"column":8},"end":{"line":119,"column":63}},"20":{"start":{"line":120,"column":8},"end":{"line":120,"column":53}},"21":{"start":{"line":121,"column":8},"end":{"line":121,"column":62}},"22":{"start":{"line":122,"column":8},"end":{"line":122,"column":62}},"23":{"start":{"line":123,"column":8},"end":{"line":123,"column":88}},"24":{"start":{"line":124,"column":8},"end":{"line":124,"column":77}},"25":{"start":{"line":125,"column":8},"end":{"line":125,"column":69}},"26":{"start":{"line":126,"column":8},"end":{"line":126,"column":5656}}},"branchMap":{"1":{"line":62,"type":"if","locations":[{"start":{"line":62,"column":8},"end":{"line":62,"column":8}},{"start":{"line":62,"column":8},"end":{"line":62,"column":8}}]},"2":{"line":76,"type":"if","locations":[{"start":{"line":76,"column":8},"end":{"line":76,"column":8}},{"start":{"line":76,"column":8},"end":{"line":76,"column":8}}]},"3":{"line":77,"type":"if","locations":[{"start":{"line":77,"column":8},"end":{"line":77,"column":8}},{"start":{"line":77,"column":8},"end":{"line":77,"column":8}}]},"4":{"line":84,"type":"if","locations":[{"start":{"line":84,"column":8},"end":{"line":84,"column":8}},{"start":{"line":84,"column":8},"end":{"line":84,"column":8}}]},"5":{"line":114,"type":"if","locations":[{"start":{"line":114,"column":8},"end":{"line":114,"column":8}},{"start":{"line":114,"column":8},"end":{"line":114,"column":8}}]},"6":{"line":115,"type":"if","locations":[{"start":{"line":115,"column":8},"end":{"line":115,"column":8}},{"start":{"line":115,"column":8},"end":{"line":115,"column":8}}]},"7":{"line":116,"type":"if","locations":[{"start":{"line":116,"column":8},"end":{"line":116,"column":8}},{"start":{"line":116,"column":8},"end":{"line":116,"column":8}}]}}},
"contracts/wallets/NIIMargin.sol":{"l":{"70":3,"71":2,"79":1,"80":0,"88":6,"92":5,"114":56,"125":28,"126":28,"127":28,"128":28,"129":28,"130":28,"131":28,"132":28,"147":5,"151":5,"152":2,"153":2,"154":2,"156":3,"159":0,"169":0,"178":1,"179":1,"186":0,"187":0,"188":0,"192":0,"194":0,"195":0,"196":0,"197":0,"200":0,"209":1,"210":0,"211":0,"212":0,"219":1,"220":1,"221":1,"225":1,"237":0,"238":0,"252":0,"253":0,"268":2,"276":2},"path":"/Users/mr.d/Documents/Bru Finance/brufinancev2/upgradeable-contract/contracts/wallets/NIIMargin.sol","s":{"1":3,"2":1,"3":6,"4":56,"5":28,"6":28,"7":28,"8":28,"9":28,"10":28,"11":28,"12":28,"13":5,"14":5,"15":2,"16":2,"17":2,"18":3,"19":0,"20":0,"21":1,"22":1,"23":0,"24":0,"25":0,"26":0,"27":0,"28":0,"29":0,"30":0,"31":0,"32":1,"33":0,"34":0,"35":0,"36":1,"37":1,"38":1,"39":0,"40":0,"41":0,"42":0,"43":2,"44":2},"b":{"1":[2,1],"2":[0,1],"3":[5,1],"4":[28,28],"5":[5,0],"6":[2,3],"7":[0,0],"8":[0,0],"9":[0,0],"10":[1,1]},"f":{"1":3,"2":1,"3":6,"4":56,"5":5,"6":0,"7":1,"8":0,"9":1,"10":1,"11":0,"12":0,"13":2,"14":2},"fnMap":{"1":{"name":"onlyAdmin","line":69,"loc":{"start":{"line":69,"column":4},"end":{"line":72,"column":4}}},"2":{"name":"onlyUnClaimedWallet","line":78,"loc":{"start":{"line":78,"column":4},"end":{"line":81,"column":4}}},"3":{"name":"onlyPoolOrAdminOrBurnContract","line":87,"loc":{"start":{"line":87,"column":4},"end":{"line":93,"column":4}}},"4":{"name":"initialize","line":113,"loc":{"start":{"line":105,"column":4},"end":{"line":133,"column":4}}},"5":{"name":"sendAmount","line":146,"loc":{"start":{"line":142,"column":4},"end":{"line":161,"column":4}}},"6":{"name":"getCashFlowDetailsOfClaimId","line":168,"loc":{"start":{"line":168,"column":4},"end":{"line":170,"column":4}}},"7":{"name":"getBalance","line":177,"loc":{"start":{"line":177,"column":4},"end":{"line":180,"column":4}}},"8":{"name":"claimDividend","line":185,"loc":{"start":{"line":185,"column":4},"end":{"line":202,"column":4}}},"9":{"name":"startClaimPeriod","line":208,"loc":{"start":{"line":208,"column":4},"end":{"line":213,"column":4}}},"10":{"name":"stopClaimPeriod","line":218,"loc":{"start":{"line":218,"column":4},"end":{"line":226,"column":4}}},"11":{"name":"setCashFlowDetailsOfClaimId","line":235,"loc":{"start":{"line":233,"column":4},"end":{"line":239,"column":4}}},"12":{"name":"setCashFlowClaimedMapping","line":251,"loc":{"start":{"line":247,"column":4},"end":{"line":254,"column":4}}},"13":{"name":"transferFromReserve","line":263,"loc":{"start":{"line":263,"column":4},"end":{"line":269,"column":4}}},"14":{"name":"_authorizeUpgrade","line":275,"loc":{"start":{"line":275,"column":4},"end":{"line":277,"column":4}}}},"statementMap":{"1":{"start":{"line":70,"column":8},"end":{"line":70,"column":78}},"2":{"start":{"line":79,"column":8},"end":{"line":79,"column":95}},"3":{"start":{"line":88,"column":8},"end":{"line":88,"column":3413}},"4":{"start":{"line":114,"column":8},"end":{"line":114,"column":4521}},"5":{"start":{"line":125,"column":8},"end":{"line":125,"column":35}},"6":{"start":{"line":126,"column":8},"end":{"line":126,"column":51}},"7":{"start":{"line":127,"column":8},"end":{"line":127,"column":33}},"8":{"start":{"line":128,"column":8},"end":{"line":128,"column":49}},"9":{"start":{"line":129,"column":8},"end":{"line":129,"column":25}},"10":{"start":{"line":130,"column":8},"end":{"line":130,"column":41}},"11":{"start":{"line":131,"column":8},"end":{"line":131,"column":57}},"12":{"start":{"line":132,"column":8},"end":{"line":132,"column":55}},"13":{"start":{"line":147,"column":8},"end":{"line":147,"column":5785}},"14":{"start":{"line":151,"column":12},"end":{"line":151,"column":5956}},"15":{"start":{"line":152,"column":16},"end":{"line":152,"column":72}},"16":{"start":{"line":153,"column":16},"end":{"line":153,"column":115}},"17":{"start":{"line":154,"column":16},"end":{"line":154,"column":76}},"18":{"start":{"line":156,"column":16},"end":{"line":156,"column":76}},"19":{"start":{"line":159,"column":12},"end":{"line":159,"column":60}},"20":{"start":{"line":169,"column":8},"end":{"line":169,"column":47}},"21":{"start":{"line":178,"column":8},"end":{"line":178,"column":52}},"22":{"start":{"line":179,"column":8},"end":{"line":179,"column":53}},"23":{"start":{"line":186,"column":8},"end":{"line":186,"column":101}},"24":{"start":{"line":187,"column":8},"end":{"line":187,"column":7469}},"25":{"start":{"line":188,"column":12},"end":{"line":188,"column":7536}},"26":{"start":{"line":192,"column":12},"end":{"line":192,"column":7797}},"27":{"start":{"line":194,"column":12},"end":{"line":194,"column":7922}},"28":{"start":{"line":195,"column":16},"end":{"line":195,"column":77}},"29":{"start":{"line":196,"column":16},"end":{"line":196,"column":63}},"30":{"start":{"line":197,"column":16},"end":{"line":197,"column":89}},"31":{"start":{"line":200,"column":12},"end":{"line":200,"column":36}},"32":{"start":{"line":209,"column":8},"end":{"line":209,"column":88}},"33":{"start":{"line":210,"column":8},"end":{"line":210,"column":62}},"34":{"start":{"line":211,"column":8},"end":{"line":211,"column":99}},"35":{"start":{"line":212,"column":8},"end":{"line":212,"column":55}},"36":{"start":{"line":219,"column":8},"end":{"line":219,"column":53}},"37":{"start":{"line":221,"column":8},"end":{"line":221,"column":9207}},"38":{"start":{"line":225,"column":8},"end":{"line":225,"column":44}},"39":{"start":{"line":237,"column":8},"end":{"line":237,"column":58}},"40":{"start":{"line":238,"column":8},"end":{"line":238,"column":59}},"41":{"start":{"line":252,"column":8},"end":{"line":252,"column":55}},"42":{"start":{"line":253,"column":8},"end":{"line":253,"column":58}},"43":{"start":{"line":268,"column":8},"end":{"line":268,"column":95}},"44":{"start":{"line":276,"column":8},"end":{"line":276,"column":64}}},"branchMap":{"1":{"line":70,"type":"if","locations":[{"start":{"line":70,"column":8},"end":{"line":70,"column":8}},{"start":{"line":70,"column":8},"end":{"line":70,"column":8}}]},"2":{"line":79,"type":"if","locations":[{"start":{"line":79,"column":8},"end":{"line":79,"column":8}},{"start":{"line":79,"column":8},"end":{"line":79,"column":8}}]},"3":{"line":88,"type":"if","locations":[{"start":{"line":88,"column":8},"end":{"line":88,"column":8}},{"start":{"line":88,"column":8},"end":{"line":88,"column":8}}]},"4":{"line":114,"type":"if","locations":[{"start":{"line":114,"column":8},"end":{"line":114,"column":8}},{"start":{"line":114,"column":8},"end":{"line":114,"column":8}}]},"5":{"line":147,"type":"if","locations":[{"start":{"line":147,"column":8},"end":{"line":147,"column":8}},{"start":{"line":147,"column":8},"end":{"line":147,"column":8}}]},"6":{"line":151,"type":"if","locations":[{"start":{"line":151,"column":12},"end":{"line":151,"column":12}},{"start":{"line":151,"column":12},"end":{"line":151,"column":12}}]},"7":{"line":186,"type":"if","locations":[{"start":{"line":186,"column":8},"end":{"line":186,"column":8}},{"start":{"line":186,"column":8},"end":{"line":186,"column":8}}]},"8":{"line":187,"type":"if","locations":[{"start":{"line":187,"column":8},"end":{"line":187,"column":8}},{"start":{"line":187,"column":8},"end":{"line":187,"column":8}}]},"9":{"line":194,"type":"if","locations":[{"start":{"line":194,"column":12},"end":{"line":194,"column":12}},{"start":{"line":194,"column":12},"end":{"line":194,"column":12}}]},"10":{"line":276,"type":"if","locations":[{"start":{"line":276,"column":8},"end":{"line":276,"column":8}},{"start":{"line":276,"column":8},"end":{"line":276,"column":8}}]}}},
"contracts/wallets/ReserveWallet.sol":{"l":{"24":6,"25":5,"34":56,"35":28,"36":28,"45":0,"46":0,"61":5,"62":3,"70":2},"path":"/Users/mr.d/Documents/Bru Finance/brufinancev2/upgradeable-contract/contracts/wallets/ReserveWallet.sol","s":{"1":6,"2":56,"3":28,"4":28,"5":0,"6":0,"7":5,"8":3,"9":2},"b":{"1":[5,1],"2":[28,28],"3":[3,2],"4":[1,1]},"f":{"1":6,"2":56,"3":0,"4":5,"5":2},"fnMap":{"1":{"name":"onlyNIIWalletOrAdmin","line":23,"loc":{"start":{"line":23,"column":4},"end":{"line":26,"column":4}}},"2":{"name":"initialize","line":33,"loc":{"start":{"line":33,"column":4},"end":{"line":37,"column":4}}},"3":{"name":"getBalance","line":44,"loc":{"start":{"line":44,"column":4},"end":{"line":47,"column":4}}},"4":{"name":"transferTo","line":60,"loc":{"start":{"line":56,"column":4},"end":{"line":63,"column":4}}},"5":{"name":"_authorizeUpgrade","line":69,"loc":{"start":{"line":69,"column":4},"end":{"line":71,"column":4}}}},"statementMap":{"1":{"start":{"line":24,"column":8},"end":{"line":24,"column":109}},"2":{"start":{"line":34,"column":8},"end":{"line":34,"column":97}},"3":{"start":{"line":35,"column":8},"end":{"line":35,"column":35}},"4":{"start":{"line":36,"column":8},"end":{"line":36,"column":43}},"5":{"start":{"line":45,"column":8},"end":{"line":45,"column":52}},"6":{"start":{"line":46,"column":8},"end":{"line":46,"column":53}},"7":{"start":{"line":61,"column":8},"end":{"line":61,"column":115}},"8":{"start":{"line":62,"column":8},"end":{"line":62,"column":68}},"9":{"start":{"line":70,"column":8},"end":{"line":70,"column":64}}},"branchMap":{"1":{"line":24,"type":"if","locations":[{"start":{"line":24,"column":8},"end":{"line":24,"column":8}},{"start":{"line":24,"column":8},"end":{"line":24,"column":8}}]},"2":{"line":34,"type":"if","locations":[{"start":{"line":34,"column":8},"end":{"line":34,"column":8}},{"start":{"line":34,"column":8},"end":{"line":34,"column":8}}]},"3":{"line":61,"type":"if","locations":[{"start":{"line":61,"column":8},"end":{"line":61,"column":8}},{"start":{"line":61,"column":8},"end":{"line":61,"column":8}}]},"4":{"line":70,"type":"if","locations":[{"start":{"line":70,"column":8},"end":{"line":70,"column":8}},{"start":{"line":70,"column":8},"end":{"line":70,"column":8}}]}}},
"contracts/wallets/UnclaimedCashflowWallet.sol":{"l":{"43":3,"44":3,"60":56,"68":28,"69":28,"70":28,"71":28,"72":28,"79":0,"80":0,"81":0,"82":0,"83":0,"84":0,"86":0,"87":0,"88":0,"89":0,"90":0,"91":0,"93":0,"94":0,"95":0,"96":0,"97":0,"101":0,"102":0,"103":0,"112":0,"113":0,"128":2,"129":1,"137":1,"138":1,"146":2},"path":"/Users/mr.d/Documents/Bru Finance/brufinancev2/upgradeable-contract/contracts/wallets/UnclaimedCashflowWallet.sol","s":{"1":3,"2":56,"3":28,"4":28,"5":28,"6":28,"7":28,"8":0,"9":0,"10":0,"11":0,"12":0,"13":0,"14":0,"15":0,"16":0,"17":0,"18":0,"19":0,"20":0,"21":0,"22":0,"23":0,"24":0,"25":0,"26":0,"27":0,"28":0,"29":0,"30":2,"31":1,"32":1,"33":1,"34":2},"b":{"1":[3,0],"2":[28,28],"3":[0,0],"4":[0,0],"5":[0,0],"6":[0,0],"7":[1,1],"8":[1,1]},"f":{"1":3,"2":56,"3":0,"4":0,"5":2,"6":1,"7":2},"fnMap":{"1":{"name":"onlyAdmin","line":42,"loc":{"start":{"line":42,"column":4},"end":{"line":45,"column":4}}},"2":{"name":"initialize","line":59,"loc":{"start":{"line":54,"column":4},"end":{"line":73,"column":4}}},"3":{"name":"claimUnClaimedDividend","line":78,"loc":{"start":{"line":78,"column":4},"end":{"line":104,"column":4}}},"4":{"name":"getBalance","line":111,"loc":{"start":{"line":111,"column":4},"end":{"line":114,"column":4}}},"5":{"name":"transferTo","line":127,"loc":{"start":{"line":123,"column":4},"end":{"line":130,"column":4}}},"6":{"name":"changeMaxAllowedUnClaimed","line":136,"loc":{"start":{"line":136,"column":4},"end":{"line":139,"column":4}}},"7":{"name":"_authorizeUpgrade","line":145,"loc":{"start":{"line":145,"column":4},"end":{"line":147,"column":4}}}},"statementMap":{"1":{"start":{"line":43,"column":8},"end":{"line":43,"column":78}},"2":{"start":{"line":60,"column":8},"end":{"line":60,"column":2357}},"3":{"start":{"line":68,"column":8},"end":{"line":68,"column":35}},"4":{"start":{"line":69,"column":8},"end":{"line":69,"column":43}},"5":{"start":{"line":70,"column":8},"end":{"line":70,"column":41}},"6":{"start":{"line":71,"column":8},"end":{"line":71,"column":57}},"7":{"start":{"line":72,"column":8},"end":{"line":72,"column":30}},"8":{"start":{"line":79,"column":8},"end":{"line":79,"column":93}},"9":{"start":{"line":80,"column":8},"end":{"line":80,"column":63}},"10":{"start":{"line":81,"column":8},"end":{"line":81,"column":21}},"11":{"start":{"line":82,"column":8},"end":{"line":82,"column":27}},"12":{"start":{"line":83,"column":8},"end":{"line":83,"column":3208}},"13":{"start":{"line":84,"column":12},"end":{"line":84,"column":43}},"14":{"start":{"line":86,"column":8},"end":{"line":86,"column":3308}},"15":{"start":{"line":87,"column":12},"end":{"line":87,"column":108}},"16":{"start":{"line":88,"column":12},"end":{"line":88,"column":90}},"17":{"start":{"line":89,"column":12},"end":{"line":89,"column":3554}},"18":{"start":{"line":90,"column":16},"end":{"line":90,"column":108}},"19":{"start":{"line":91,"column":16},"end":{"line":91,"column":3772}},"20":{"start":{"line":93,"column":16},"end":{"line":93,"column":66}},"21":{"start":{"line":94,"column":16},"end":{"line":94,"column":42}},"22":{"start":{"line":95,"column":16},"end":{"line":95,"column":58}},"23":{"start":{"line":96,"column":16},"end":{"line":96,"column":87}},"24":{"start":{"line":97,"column":16},"end":{"line":97,"column":89}},"25":{"start":{"line":101,"column":8},"end":{"line":101,"column":57}},"26":{"start":{"line":102,"column":8},"end":{"line":102,"column":72}},"27":{"start":{"line":103,"column":8},"end":{"line":103,"column":57}},"28":{"start":{"line":112,"column":8},"end":{"line":112,"column":52}},"29":{"start":{"line":113,"column":8},"end":{"line":113,"column":50}},"30":{"start":{"line":128,"column":8},"end":{"line":128,"column":115}},"31":{"start":{"line":129,"column":8},"end":{"line":129,"column":68}},"32":{"start":{"line":137,"column":8},"end":{"line":137,"column":51}},"33":{"start":{"line":138,"column":8},"end":{"line":138,"column":65}},"34":{"start":{"line":146,"column":8},"end":{"line":146,"column":64}}},"branchMap":{"1":{"line":43,"type":"if","locations":[{"start":{"line":43,"column":8},"end":{"line":43,"column":8}},{"start":{"line":43,"column":8},"end":{"line":43,"column":8}}]},"2":{"line":60,"type":"if","locations":[{"start":{"line":60,"column":8},"end":{"line":60,"column":8}},{"start":{"line":60,"column":8},"end":{"line":60,"column":8}}]},"3":{"line":79,"type":"if","locations":[{"start":{"line":79,"column":8},"end":{"line":79,"column":8}},{"start":{"line":79,"column":8},"end":{"line":79,"column":8}}]},"4":{"line":83,"type":"if","locations":[{"start":{"line":83,"column":8},"end":{"line":83,"column":8}},{"start":{"line":83,"column":8},"end":{"line":83,"column":8}}]},"5":{"line":89,"type":"if","locations":[{"start":{"line":89,"column":12},"end":{"line":89,"column":12}},{"start":{"line":89,"column":12},"end":{"line":89,"column":12}}]},"6":{"line":93,"type":"if","locations":[{"start":{"line":93,"column":16},"end":{"line":93,"column":16}},{"start":{"line":93,"column":16},"end":{"line":93,"column":16}}]},"7":{"line":128,"type":"if","locations":[{"start":{"line":128,"column":8},"end":{"line":128,"column":8}},{"start":{"line":128,"column":8},"end":{"line":128,"column":8}}]},"8":{"line":146,"type":"if","locations":[{"start":{"line":146,"column":8},"end":{"line":146,"column":8}},{"start":{"line":146,"column":8},"end":{"line":146,"column":8}}]}}}}
