TN:
SF:/Users/mr.d/Documents/Bru Finance/brufinancev2/upgradeable-contract/contracts/BruRouter.sol
FN:24,initialize
FN:35,getPoolAddress
FN:46,borrow
FN:62,repay
FN:77,deposit
FN:90,withdraw
FN:99,getPoolDetails
FN:107,getAllPoolDetails
FN:116,poolShouldExist
FN:125,_authorizeUpgrade
FNF:10
FNH:10
FNDA:56,initialize
FNDA:64,getPoolAddress
FNDA:19,borrow
FNDA:20,repay
FNDA:15,deposit
FNDA:9,withdraw
FNDA:2,getPoolDetails
FNDA:2,getAllPoolDetails
FNDA:63,poolShouldExist
FNDA:3,_authorizeUpgrade
DA:25,56
DA:26,28
DA:27,28
DA:36,64
DA:52,19
DA:68,20
DA:82,15
DA:91,9
DA:100,2
DA:108,2
DA:117,63
DA:118,63
DA:126,3
LF:13
LH:13
BRDA:25,1,0,28
BRDA:25,1,1,28
BRDA:126,2,0,2
BRDA:126,2,1,1
BRF:4
BRH:4
end_of_record
TN:
SF:/Users/mr.d/Documents/Bru Finance/brufinancev2/upgradeable-contract/contracts/core/AssetTreasury.sol
FN:31,onlyAdmin
FN:39,onlyMintWalletAddress
FN:50,constructor
FN:92,mintNft
FN:103,changeMintWalletAddress
FNF:5
FNH:5
FNDA:3,onlyAdmin
FNDA:19,onlyMintWalletAddress
FNDA:112,constructor
FNDA:18,mintNft
FNDA:2,changeMintWalletAddress
DA:32,3
DA:33,2
DA:40,19
DA:41,18
DA:51,112
DA:55,84
DA:56,84
DA:57,84
DA:93,18
DA:94,18
DA:95,18
DA:104,2
DA:105,1
DA:106,1
LF:14
LH:14
BRDA:32,1,0,2
BRDA:32,1,1,1
BRDA:40,2,0,18
BRDA:40,2,1,1
BRDA:51,3,0,84
BRDA:51,3,1,28
BRDA:104,4,0,1
BRDA:104,4,1,1
BRF:8
BRH:8
end_of_record
TN:
SF:/Users/mr.d/Documents/Bru Finance/brufinancev2/upgradeable-contract/contracts/core/BruAdmin.sol
FN:153,checkCorePauseStatus
FN:161,onlyAssetTreasury
FN:170,onlyAdmin
FN:178,onlyRouter
FN:187,checkFeeValue
FN:195,onlyOwner
FN:204,getAllowedTokenAddressesArray
FN:212,allowTokenAddress
FN:226,removeTokenAddress
FN:242,changeBorrowInterestRate
FN:251,changeBorrowPlatformFee
FN:260,changeMaxAddresses
FN:269,changeLendPlatformFee
FN:278,changeLockPeriod
FN:289,changeSpread
FN:298,changeCoreFunctionalityStatus
FN:307,startRewards
FN:318,stopRewards
FN:329,_onlyAdmin
FN:336,_onlyRouter
FN:344,_checkFeeValue
FN:351,checkRewardsAddress
FNF:22
FNH:22
FNDA:66,checkCorePauseStatus
FNDA:19,onlyAssetTreasury
FNDA:296,onlyAdmin
FNDA:65,onlyRouter
FNDA:4,checkFeeValue
FNDA:12,onlyOwner
FNDA:1,getAllowedTokenAddressesArray
FNDA:283,allowTokenAddress
FNDA:3,removeTokenAddress
FNDA:1,changeBorrowInterestRate
FNDA:1,changeBorrowPlatformFee
FNDA:1,changeMaxAddresses
FNDA:1,changeLendPlatformFee
FNDA:2,changeLockPeriod
FNDA:1,changeSpread
FNDA:1,changeCoreFunctionalityStatus
FNDA:2,startRewards
FNDA:1,stopRewards
FNDA:296,_onlyAdmin
FNDA:65,_onlyRouter
FNDA:4,_checkFeeValue
FNDA:3,checkRewardsAddress
DA:154,66
DA:155,65
DA:162,19
DA:163,18
DA:171,296
DA:172,295
DA:179,65
DA:180,62
DA:188,4
DA:189,3
DA:196,12
DA:197,8
DA:205,1
DA:213,283
DA:214,282
DA:215,280
DA:216,279
DA:217,279
DA:218,279
DA:219,279
DA:227,3
DA:228,2
DA:230,2
DA:231,2
DA:232,2
DA:233,2
DA:234,2
DA:235,2
DA:243,1
DA:244,1
DA:252,1
DA:253,1
DA:261,1
DA:262,1
DA:270,1
DA:271,1
DA:279,2
DA:280,1
DA:281,1
DA:290,1
DA:291,1
DA:292,1
DA:299,1
DA:300,1
DA:308,2
DA:309,1
DA:310,1
DA:311,1
DA:312,1
DA:319,1
DA:320,1
DA:321,1
DA:322,1
DA:323,1
DA:330,296
DA:337,65
DA:345,4
DA:352,3
LF:58
LH:58
BRDA:154,1,0,65
BRDA:154,1,1,1
BRDA:162,2,0,18
BRDA:162,2,1,1
BRDA:196,3,0,8
BRDA:196,3,1,4
BRDA:213,4,0,282
BRDA:213,4,1,1
BRDA:214,5,0,280
BRDA:214,5,1,2
BRDA:215,6,0,279
BRDA:215,6,1,1
BRDA:227,7,0,2
BRDA:227,7,1,1
BRDA:279,8,0,1
BRDA:279,8,1,1
BRDA:330,9,0,295
BRDA:330,9,1,1
BRDA:337,10,0,62
BRDA:337,10,1,3
BRDA:345,11,0,3
BRDA:345,11,1,1
BRDA:352,12,0,2
BRDA:352,12,1,1
BRF:24
BRH:24
end_of_record
TN:
SF:/Users/mr.d/Documents/Bru Finance/brufinancev2/upgradeable-contract/contracts/core/BruFactory.sol
FN:54,onlyAdmin
FN:64,initialize
FN:88,addPoolDetails
FN:122,changeMaxPool
FN:132,getPoolAddress
FN:142,getPoolDetails
FN:150,getAllPoolDetails
FN:158,_authorizeUpgrade
FNF:8
FNH:8
FNDA:132,onlyAdmin
FNDA:56,initialize
FNDA:128,addPoolDetails
FNDA:1,changeMaxPool
FNDA:66,getPoolAddress
FNDA:367,getPoolDetails
FNDA:4,getAllPoolDetails
FNDA:1,_authorizeUpgrade
DA:55,132
DA:56,130
DA:65,56
DA:66,28
DA:67,28
DA:68,28
DA:89,128
DA:97,127
DA:98,125
DA:108,125
DA:123,1
DA:124,1
DA:133,66
DA:134,65
DA:143,367
DA:151,4
LF:16
LH:16
BRDA:55,1,0,130
BRDA:55,1,1,2
BRDA:65,2,0,28
BRDA:65,2,1,28
BRDA:89,3,0,127
BRDA:89,3,1,1
BRDA:97,4,0,125
BRDA:97,4,1,2
BRDA:133,5,0,65
BRDA:133,5,1,1
BRF:10
BRH:10
end_of_record
TN:
SF:/Users/mr.d/Documents/Bru Finance/brufinancev2/upgradeable-contract/contracts/core/BruOracle.sol
FN:37,onlyAdmin
FN:46,initialize
FN:57,setPriceFeedForToken
FN:67,getLatestPriceOfTokenInUSD
FN:78,getPriceFeedDecimal
FN:88,setBruTokenPrice
FN:97,getBruTokenPrice
FN:105,_authorizeUpgrade
FNF:8
FNH:8
FNDA:7,onlyAdmin
FNDA:56,initialize
FNDA:2,setPriceFeedForToken
FNDA:3,getLatestPriceOfTokenInUSD
FNDA:1,getPriceFeedDecimal
FNDA:1,setBruTokenPrice
FNDA:3,getBruTokenPrice
FNDA:1,_authorizeUpgrade
DA:38,7
DA:39,4
DA:47,56
DA:48,28
DA:49,28
DA:58,2
DA:59,2
DA:68,3
DA:69,3
DA:70,2
DA:79,1
DA:80,1
DA:89,1
DA:90,1
DA:98,3
LF:15
LH:15
BRDA:38,1,0,4
BRDA:38,1,1,3
BRDA:47,2,0,28
BRDA:47,2,1,28
BRF:4
BRH:4
end_of_record
TN:
SF:/Users/mr.d/Documents/Bru Finance/brufinancev2/upgradeable-contract/contracts/core/BruPool.sol
FN:202,initialize
FN:256,mintNft
FN:275,borrow
FN:310,repay
FN:356,deposit
FN:391,withdraw
FN:407,redeemInterestToken
FN:423,borrowInterest
FN:433,claimInterestOnBond
FN:465,lockAsset
FN:476,unlockAsset
FN:486,getRepaymentAmount
FN:499,calculateBorrowInterest
FN:511,withdrawable
FN:521,_authorizeUpgrade
FNF:15
FNH:15
FNDA:56,initialize
FNDA:18,mintNft
FNDA:19,borrow
FNDA:20,repay
FNDA:14,deposit
FNDA:9,withdraw
FNDA:7,redeemInterestToken
FNDA:14,borrowInterest
FNDA:10,claimInterestOnBond
FNDA:4,lockAsset
FNDA:4,unlockAsset
FNDA:1,getRepaymentAmount
FNDA:15,calculateBorrowInterest
FNDA:5,withdrawable
FNDA:5,_authorizeUpgrade
DA:203,56
DA:216,28
DA:217,28
DA:218,28
DA:219,28
DA:220,28
DA:221,28
DA:222,28
DA:223,28
DA:224,28
DA:225,28
DA:226,28
DA:227,28
DA:228,28
DA:229,28
DA:230,28
DA:231,28
DA:232,28
DA:233,28
DA:234,28
DA:235,28
DA:257,18
DA:258,15
DA:259,15
DA:276,19
DA:277,17
DA:278,15
DA:279,13
DA:280,11
DA:281,11
DA:282,11
DA:283,2
DA:285,9
DA:287,11
DA:288,9
DA:289,9
DA:290,9
DA:291,9
DA:292,2
DA:294,9
DA:295,9
DA:311,20
DA:312,20
DA:313,18
DA:314,16
DA:315,14
DA:316,14
DA:318,14
DA:320,14
DA:322,13
DA:323,10
DA:325,10
DA:327,10
DA:329,3
DA:330,3
DA:332,13
DA:334,13
DA:335,2
DA:336,2
DA:337,2
DA:340,13
DA:342,13
DA:343,13
DA:357,14
DA:358,12
DA:359,10
DA:360,8
DA:362,8
DA:363,8
DA:372,8
DA:373,8
DA:374,8
DA:376,8
DA:377,2
DA:379,8
DA:380,8
DA:392,9
DA:393,9
DA:394,7
DA:395,5
DA:396,3
DA:397,3
DA:398,3
DA:399,3
DA:408,7
DA:409,7
DA:410,5
DA:414,3
DA:415,3
DA:424,14
DA:426,14
DA:434,10
DA:435,10
DA:436,8
DA:437,6
DA:438,6
DA:439,6
DA:440,6
DA:441,2
DA:443,6
DA:444,2
DA:446,4
DA:448,6
DA:449,3
DA:451,3
DA:453,6
DA:455,6
DA:456,6
DA:457,6
DA:466,4
DA:467,2
DA:468,2
DA:477,4
DA:478,2
DA:479,2
DA:487,1
DA:488,1
DA:491,1
DA:492,1
DA:500,15
DA:501,15
DA:503,15
DA:512,5
DA:513,5
DA:514,5
DA:522,5
LF:126
LH:126
BRDA:203,1,0,28
BRDA:203,1,1,28
BRDA:257,2,0,15
BRDA:257,2,1,3
BRDA:276,3,0,17
BRDA:276,3,1,2
BRDA:277,4,0,15
BRDA:277,4,1,2
BRDA:278,5,0,13
BRDA:278,5,1,2
BRDA:279,6,0,11
BRDA:279,6,1,2
BRDA:282,7,0,2
BRDA:282,7,1,9
BRDA:287,8,0,9
BRDA:287,8,1,2
BRDA:291,9,0,2
BRDA:291,9,1,7
BRDA:312,10,0,18
BRDA:312,10,1,2
BRDA:313,11,0,16
BRDA:313,11,1,2
BRDA:314,12,0,14
BRDA:314,12,1,2
BRDA:320,13,0,13
BRDA:320,13,1,1
BRDA:322,14,0,10
BRDA:322,14,1,3
BRDA:334,15,0,2
BRDA:334,15,1,11
BRDA:357,16,0,12
BRDA:357,16,1,2
BRDA:358,17,0,10
BRDA:358,17,1,2
BRDA:359,18,0,8
BRDA:359,18,1,2
BRDA:376,19,0,2
BRDA:376,19,1,6
BRDA:393,20,0,7
BRDA:393,20,1,2
BRDA:394,21,0,5
BRDA:394,21,1,2
BRDA:395,22,0,3
BRDA:395,22,1,2
BRDA:409,23,0,5
BRDA:409,23,1,2
BRDA:410,24,0,3
BRDA:410,24,1,2
BRDA:435,25,0,8
BRDA:435,25,1,2
BRDA:436,26,0,6
BRDA:436,26,1,2
BRDA:440,27,0,2
BRDA:440,27,1,4
BRDA:443,28,0,2
BRDA:443,28,1,4
BRDA:448,29,0,3
BRDA:448,29,1,3
BRDA:466,30,0,2
BRDA:466,30,1,2
BRDA:477,31,0,2
BRDA:477,31,1,2
BRDA:522,32,0,3
BRDA:522,32,1,2
BRF:64
BRH:64
end_of_record
TN:
SF:/Users/mr.d/Documents/Bru Finance/brufinancev2/upgradeable-contract/contracts/core/BruPrice.sol
FN:31,onlyOwner
FN:40,initialize
FN:51,updatePrice
FN:60,_authorizeUpgrade
FNF:4
FNH:4
FNDA:3,onlyOwner
FNDA:56,initialize
FNDA:2,updatePrice
FNDA:2,_authorizeUpgrade
DA:32,3
DA:33,2
DA:41,56
DA:42,28
DA:43,28
DA:52,2
DA:53,2
DA:61,2
LF:8
LH:8
BRDA:32,1,0,2
BRDA:32,1,1,1
BRDA:41,2,0,28
BRDA:41,2,1,28
BRDA:61,3,0,1
BRDA:61,3,1,1
BRF:6
BRH:6
end_of_record
TN:
SF:/Users/mr.d/Documents/Bru Finance/brufinancev2/upgradeable-contract/contracts/core/BruRewards.sol
FN:88,onlyAdmin
FN:96,onlyPool
FN:116,initialize
FN:138,getLatestRewardIntervalForPool
FN:145,getRewardAPY
FN:158,changeEmission
FN:168,startRewardsForPool
FN:194,stopRewardsForPool
FN:210,getRewardStatusForPool
FN:226,updateLendAmountInRewardsInterval
FN:243,updateBorrowAmountInRewardsInterval
FN:256,claimRewards
FN:293,_authorizeUpgrade
FNF:13
FNH:13
FNDA:8,onlyAdmin
FNDA:5,onlyPool
FNDA:56,initialize
FNDA:1,getLatestRewardIntervalForPool
FNDA:2,getRewardAPY
FNDA:2,changeEmission
FNDA:2,startRewardsForPool
FNDA:3,stopRewardsForPool
FNDA:19,getRewardStatusForPool
FNDA:2,updateLendAmountInRewardsInterval
FNDA:2,updateBorrowAmountInRewardsInterval
FNDA:5,claimRewards
FNDA:3,_authorizeUpgrade
DA:89,8
DA:90,7
DA:97,5
DA:98,5
DA:99,4
DA:117,56
DA:125,28
DA:126,28
DA:127,28
DA:128,28
DA:129,28
DA:130,28
DA:131,28
DA:139,1
DA:146,2
DA:147,2
DA:148,2
DA:149,2
DA:150,2
DA:151,2
DA:159,2
DA:160,2
DA:169,2
DA:170,1
DA:171,1
DA:172,1
DA:173,1
DA:174,1
DA:175,1
DA:183,1
DA:184,1
DA:185,1
DA:186,1
DA:187,1
DA:195,3
DA:196,2
DA:200,1
DA:201,1
DA:202,1
DA:203,1
DA:211,19
DA:227,2
DA:228,2
DA:229,2
DA:230,2
DA:244,2
DA:245,2
DA:246,2
DA:247,2
DA:257,5
DA:259,3
DA:260,2
DA:262,2
DA:266,1
DA:267,1
DA:269,1
DA:270,1
DA:273,1
DA:276,1
DA:277,1
DA:279,1
DA:282,1
DA:284,1
DA:285,1
DA:286,1
DA:294,3
LF:66
LH:66
BRDA:89,1,0,7
BRDA:89,1,1,1
BRDA:98,2,0,4
BRDA:98,2,1,1
BRDA:117,3,0,28
BRDA:117,3,1,28
BRDA:169,4,0,1
BRDA:169,4,1,1
BRDA:195,5,0,2
BRDA:195,5,1,1
BRDA:196,6,0,1
BRDA:196,6,1,1
BRDA:257,7,0,3
BRDA:257,7,1,2
BRDA:259,8,0,2
BRDA:259,8,1,1
BRDA:262,9,0,1
BRDA:262,9,1,1
BRDA:269,10,0,1
BRDA:269,10,1,0
BRDA:276,11,0,1
BRDA:276,11,1,0
BRDA:294,12,0,2
BRDA:294,12,1,1
BRF:24
BRH:22
end_of_record
TN:
SF:/Users/mr.d/Documents/Bru Finance/brufinancev2/upgradeable-contract/contracts/core/TestOracle.sol
FN:5,latestRoundData
FN:19,decimals
FNF:2
FNH:2
FNDA:2,latestRoundData
FNDA:1,decimals
DA:16,2
DA:20,1
LF:2
LH:2
BRF:0
BRH:0
end_of_record
TN:
SF:/Users/mr.d/Documents/Bru Finance/brufinancev2/upgradeable-contract/contracts/interfaces/IBruProxy.sol
FNF:0
FNH:0
LF:0
LH:0
BRF:0
BRH:0
end_of_record
TN:
SF:/Users/mr.d/Documents/Bru Finance/brufinancev2/upgradeable-contract/contracts/multisig/MultiSig.sol
FN:98,onlyApprover
FN:107,initialize
FN:139,createProposal
FN:147,getAllProposals
FN:155,getAllApprovers
FN:164,approveTransfer
FN:330,updateQuorum
FN:340,_authorizeUpgrade
FN:348,addApprover
FN:360,removeApprover
FNF:10
FNH:10
FNDA:1141,onlyApprover
FNDA:28,initialize
FNDA:548,createProposal
FNDA:35,getAllProposals
FNDA:3,getAllApprovers
FNDA:592,approveTransfer
FNDA:3,updateQuorum
FNDA:3,_authorizeUpgrade
FNDA:2,addApprover
FNDA:3,removeApprover
DA:99,1141
DA:100,1140
DA:108,28
DA:109,28
DA:110,28
DA:111,28
DA:112,28
DA:113,28
DA:114,28
DA:115,28
DA:116,28
DA:117,28
DA:118,28
DA:119,28
DA:120,28
DA:121,28
DA:122,112
DA:123,112
DA:140,548
DA:148,35
DA:156,3
DA:165,592
DA:166,588
DA:167,566
DA:168,566
DA:169,566
DA:171,566
DA:172,543
DA:173,543
DA:174,2
DA:175,2
DA:177,1
DA:178,1
DA:180,2
DA:181,2
DA:183,1
DA:184,1
DA:186,1
DA:187,1
DA:189,3
DA:191,283
DA:192,283
DA:194,2
DA:196,3
DA:198,1
DA:201,1
DA:203,1
DA:206,1
DA:208,2
DA:210,1
DA:212,3
DA:213,3
DA:215,2
DA:217,1
DA:219,1
DA:221,1
DA:223,2
DA:225,2
DA:227,3
DA:229,29
DA:232,29
DA:234,29
DA:237,29
DA:239,1
DA:241,2
DA:243,1
DA:245,5
DA:255,128
DA:264,1
DA:265,1
DA:267,1
DA:269,2
DA:271,1
DA:273,2
DA:275,1
DA:277,1
DA:279,3
DA:285,1
DA:287,2
DA:293,1
DA:299,1
DA:301,3
DA:302,3
DA:304,1
DA:306,1
DA:308,1
DA:310,1
DA:312,1
DA:314,1
DA:316,1
DA:317,1
DA:319,2
DA:321,1
DA:331,3
DA:332,2
DA:333,2
DA:341,3
DA:349,2
DA:350,1
DA:351,1
DA:352,1
DA:353,1
DA:361,3
DA:362,1
DA:363,1
DA:364,1
DA:365,1
DA:366,1
DA:367,1
DA:368,1
LF:110
LH:110
BRDA:99,1,0,1140
BRDA:99,1,1,1
BRDA:165,2,0,588
BRDA:165,2,1,4
BRDA:166,3,0,566
BRDA:166,3,1,22
BRDA:171,4,0,543
BRDA:171,4,1,23
BRDA:173,5,0,2
BRDA:173,5,1,541
BRDA:176,6,0,1
BRDA:176,6,1,540
BRDA:179,7,0,2
BRDA:179,7,1,538
BRDA:182,8,0,1
BRDA:182,8,1,537
BRDA:185,9,0,1
BRDA:185,9,1,536
BRDA:188,10,0,3
BRDA:188,10,1,533
BRDA:190,11,0,283
BRDA:190,11,1,250
BRDA:193,12,0,2
BRDA:193,12,1,248
BRDA:195,13,0,3
BRDA:195,13,1,245
BRDA:197,14,0,1
BRDA:197,14,1,244
BRDA:202,15,0,1
BRDA:202,15,1,243
BRDA:207,16,0,2
BRDA:207,16,1,241
BRDA:209,17,0,1
BRDA:209,17,1,240
BRDA:211,18,0,3
BRDA:211,18,1,237
BRDA:214,19,0,2
BRDA:214,19,1,235
BRDA:216,20,0,1
BRDA:216,20,1,234
BRDA:218,21,0,1
BRDA:218,21,1,233
BRDA:220,22,0,1
BRDA:220,22,1,232
BRDA:222,23,0,2
BRDA:222,23,1,230
BRDA:224,24,0,2
BRDA:224,24,1,228
BRDA:226,25,0,3
BRDA:226,25,1,225
BRDA:228,26,0,29
BRDA:228,26,1,196
BRDA:233,27,0,29
BRDA:233,27,1,167
BRDA:238,28,0,1
BRDA:238,28,1,166
BRDA:240,29,0,2
BRDA:240,29,1,164
BRDA:242,30,0,1
BRDA:242,30,1,163
BRDA:244,31,0,5
BRDA:244,31,1,158
BRDA:254,32,0,128
BRDA:254,32,1,30
BRDA:263,33,0,1
BRDA:263,33,1,29
BRDA:266,34,0,1
BRDA:266,34,1,28
BRDA:268,35,0,2
BRDA:268,35,1,26
BRDA:270,36,0,1
BRDA:270,36,1,25
BRDA:272,37,0,2
BRDA:272,37,1,23
BRDA:274,38,0,1
BRDA:274,38,1,22
BRDA:276,39,0,1
BRDA:276,39,1,21
BRDA:278,40,0,3
BRDA:278,40,1,18
BRDA:284,41,0,1
BRDA:284,41,1,17
BRDA:286,42,0,2
BRDA:286,42,1,15
BRDA:292,43,0,1
BRDA:292,43,1,14
BRDA:298,44,0,1
BRDA:298,44,1,13
BRDA:300,45,0,3
BRDA:300,45,1,10
BRDA:303,46,0,1
BRDA:303,46,1,9
BRDA:305,47,0,1
BRDA:305,47,1,8
BRDA:307,48,0,1
BRDA:307,48,1,7
BRDA:309,49,0,1
BRDA:309,49,1,6
BRDA:311,50,0,1
BRDA:311,50,1,5
BRDA:313,51,0,1
BRDA:313,51,1,4
BRDA:315,52,0,1
BRDA:315,52,1,3
BRDA:318,53,0,2
BRDA:318,53,1,1
BRDA:331,54,0,2
BRDA:331,54,1,1
BRDA:341,55,0,2
BRDA:341,55,1,1
BRDA:349,56,0,1
BRDA:349,56,1,1
BRDA:361,57,0,1
BRDA:361,57,1,2
BRF:114
BRH:114
end_of_record
TN:
SF:/Users/mr.d/Documents/Bru Finance/brufinancev2/upgradeable-contract/contracts/proxy/BruProxy.sol
FN:16,constructor
FNF:1
FNH:1
FNDA:924,constructor
LF:0
LH:0
BRF:0
BRH:0
end_of_record
TN:
SF:/Users/mr.d/Documents/Bru Finance/brufinancev2/upgradeable-contract/contracts/tokens/BINR.sol
FN:20,constructor
FN:29,mint
FN:38,burn
FN:46,approveTokensForTransfer
FNF:4
FNH:2
FNDA:84,constructor
FNDA:4,mint
FNDA:0,burn
FNDA:0,approveTokensForTransfer
DA:21,84
DA:30,4
DA:39,0
DA:47,0
LF:4
LH:2
BRF:0
BRH:0
end_of_record
TN:
SF:/Users/mr.d/Documents/Bru Finance/brufinancev2/upgradeable-contract/contracts/tokens/InterestToken.sol
FN:32,onlyAdmin
FN:40,onlyPool
FN:55,constructor
FN:65,name
FN:74,changeName
FN:85,mint
FN:94,setPoolAddress
FN:106,burn
FNF:8
FNH:8
FNDA:31,onlyAdmin
FNDA:10,onlyPool
FNDA:112,constructor
FNDA:1,name
FNDA:1,changeName
FNDA:6,mint
FNDA:29,setPoolAddress
FNDA:3,burn
DA:33,31
DA:34,30
DA:41,10
DA:42,9
DA:56,112
DA:57,84
DA:58,84
DA:66,1
DA:75,1
DA:76,1
DA:86,6
DA:95,29
DA:96,28
DA:97,28
DA:107,3
LF:15
LH:15
BRDA:33,1,0,30
BRDA:33,1,1,1
BRDA:41,2,0,9
BRDA:41,2,1,1
BRDA:56,3,0,84
BRDA:56,3,1,28
BRDA:95,4,0,28
BRDA:95,4,1,1
BRF:8
BRH:8
end_of_record
TN:
SF:/Users/mr.d/Documents/Bru Finance/brufinancev2/upgradeable-contract/contracts/tokens/PoolToken.sol
FN:34,onlyAdmin
FN:42,onlyPool
FN:57,constructor
FN:67,name
FN:76,changeName
FN:87,mint
FN:97,burn
FN:106,setPoolAddress
FNF:8
FNH:8
FNDA:31,onlyAdmin
FNDA:12,onlyPool
FNDA:112,constructor
FNDA:2,name
FNDA:1,changeName
FNDA:8,mint
FNDA:3,burn
FNDA:29,setPoolAddress
DA:35,31
DA:36,30
DA:43,12
DA:44,11
DA:58,112
DA:59,84
DA:60,84
DA:68,2
DA:77,1
DA:78,1
DA:88,8
DA:98,3
DA:107,29
DA:108,28
DA:109,28
LF:15
LH:15
BRDA:35,1,0,30
BRDA:35,1,1,1
BRDA:43,2,0,11
BRDA:43,2,1,1
BRDA:58,3,0,84
BRDA:58,3,1,28
BRDA:107,4,0,28
BRDA:107,4,1,1
BRF:8
BRH:8
end_of_record
TN:
SF:/Users/mr.d/Documents/Bru Finance/brufinancev2/upgradeable-contract/contracts/tokens/TestToken.sol
FN:20,constructor
FN:29,mint
FN:38,burn
FN:46,approveTokensForTransfer
FN:58,constructor
FN:75,decimals
FN:84,mint
FN:93,burn
FN:101,approveTokensForTransfer
FN:113,constructor
FN:130,decimals
FN:139,mint
FN:148,burn
FN:156,approveTokensForTransfer
FNF:14
FNH:4
FNDA:84,constructor
FNDA:23,mint
FNDA:1,burn
FNDA:1,approveTokensForTransfer
FNDA:0,constructor
FNDA:0,decimals
FNDA:0,mint
FNDA:0,burn
FNDA:0,approveTokensForTransfer
FNDA:0,constructor
FNDA:0,decimals
FNDA:0,mint
FNDA:0,burn
FNDA:0,approveTokensForTransfer
DA:21,84
DA:30,23
DA:39,1
DA:47,1
DA:59,0
DA:76,0
DA:85,0
DA:94,0
DA:102,0
DA:114,0
DA:131,0
DA:140,0
DA:149,0
DA:157,0
LF:14
LH:4
BRF:0
BRH:0
end_of_record
TN:
SF:/Users/mr.d/Documents/Bru Finance/brufinancev2/upgradeable-contract/contracts/tokens/USDCTestToken.sol
FN:20,constructor
FN:29,mint
FN:38,burn
FN:46,approveTokensForTransfer
FN:58,constructor
FN:75,decimals
FN:84,mint
FN:93,burn
FN:101,approveTokensForTransfer
FN:113,constructor
FN:130,decimals
FN:139,mint
FN:148,burn
FN:156,approveTokensForTransfer
FNF:14
FNH:2
FNDA:84,constructor
FNDA:3,mint
FNDA:0,burn
FNDA:0,approveTokensForTransfer
FNDA:0,constructor
FNDA:0,decimals
FNDA:0,mint
FNDA:0,burn
FNDA:0,approveTokensForTransfer
FNDA:0,constructor
FNDA:0,decimals
FNDA:0,mint
FNDA:0,burn
FNDA:0,approveTokensForTransfer
DA:21,84
DA:30,3
DA:39,0
DA:47,0
DA:59,0
DA:76,0
DA:85,0
DA:94,0
DA:102,0
DA:114,0
DA:131,0
DA:140,0
DA:149,0
DA:157,0
LF:14
LH:2
BRF:0
BRH:0
end_of_record
TN:
SF:/Users/mr.d/Documents/Bru Finance/brufinancev2/upgradeable-contract/contracts/vesting/Token.sol
FN:22,onlyAdmin
FN:30,checkAddress
FN:54,constructor
FN:70,getInitialSupply
FN:79,mintNew
FN:89,burn
FN:98,enableMinting
FN:106,disableMinting
FN:113,createSnapshot
FN:127,balanceOfAtDate
FN:136,totalSupplyOfAtDate
FNF:11
FNH:9
FNDA:3,onlyAdmin
FNDA:3,checkAddress
FNDA:112,constructor
FNDA:1,getInitialSupply
FNDA:2,mintNew
FNDA:2,burn
FNDA:2,enableMinting
FNDA:1,disableMinting
FNDA:3,createSnapshot
FNDA:0,balanceOfAtDate
FNDA:0,totalSupplyOfAtDate
DA:23,3
DA:24,3
DA:31,3
DA:35,3
DA:55,112
DA:59,84
DA:60,84
DA:61,84
DA:62,84
DA:63,84
DA:64,84
DA:71,1
DA:80,2
DA:81,1
DA:90,2
DA:91,1
DA:99,2
DA:107,1
DA:114,3
DA:115,3
DA:116,3
DA:117,3
DA:118,3
DA:128,0
DA:137,0
LF:25
LH:23
BRDA:23,1,0,3
BRDA:23,1,1,0
BRDA:31,2,0,3
BRDA:31,2,1,0
BRDA:55,3,0,84
BRDA:55,3,1,28
BRDA:80,4,0,1
BRDA:80,4,1,1
BRDA:90,5,0,1
BRDA:90,5,1,1
BRF:10
BRH:8
end_of_record
TN:
SF:/Users/mr.d/Documents/Bru Finance/brufinancev2/upgradeable-contract/contracts/vesting/TokenVestingBru.sol
FN:187,onlyDeployer
FN:196,onlyAdmin
FN:205,checkPauseStatus
FN:213,onlyIfVestingScheduleNotRevoked
FN:235,initialize
FN:265,release
FN:284,getVestingSchedulesCount
FN:292,getVestingSchedule
FN:302,computeVestingScheduleIdForAddressAndIndex
FN:310,getVestingSchedulesCountByBeneficiary
FN:318,getVestingIdAtIndex
FN:327,getVestingScheduleByAddressAndIndex
FN:339,getVestingSchedulesTotalAmount
FN:347,getToken
FN:367,setCategoryParams
FN:398,getCategoryParams
FN:408,addAddressToCategory
FN:426,createVestingScheduleForCategory
FN:467,createVestingSchedule
FN:477,changeMaxVestingSchedules
FN:486,changeMaxCategories
FN:499,revoke
FN:525,withdraw
FN:533,changePauseStatus
FN:543,addTokenDistribution
FN:562,computeReleasableAmount
FN:573,getWithdrawableAmount
FN:581,computeNextVestingScheduleIdForHolder
FN:588,recordTVL
FN:627,startQuarter
FN:638,distributeRewards
FN:649,issueTokens
FN:671,computeReleasableAmount
FN:699,vestingInternal
FN:749,calculateSum
FN:781,_authorizeUpgrade
FNF:36
FNH:24
FNDA:17,onlyDeployer
FNDA:10,onlyAdmin
FNDA:6,checkPauseStatus
FNDA:0,onlyIfVestingScheduleNotRevoked
FNDA:56,initialize
FNDA:0,release
FNDA:2,getVestingSchedulesCount
FNDA:0,getVestingSchedule
FNDA:0,computeVestingScheduleIdForAddressAndIndex
FNDA:1,getVestingSchedulesCountByBeneficiary
FNDA:2,getVestingIdAtIndex
FNDA:0,getVestingScheduleByAddressAndIndex
FNDA:0,getVestingSchedulesTotalAmount
FNDA:0,getToken
FNDA:3,setCategoryParams
FNDA:1,getCategoryParams
FNDA:2,addAddressToCategory
FNDA:2,createVestingScheduleForCategory
FNDA:3,createVestingSchedule
FNDA:1,changeMaxVestingSchedules
FNDA:1,changeMaxCategories
FNDA:0,revoke
FNDA:1,withdraw
FNDA:1,changePauseStatus
FNDA:1,addTokenDistribution
FNDA:0,computeReleasableAmount
FNDA:3,getWithdrawableAmount
FNDA:0,computeNextVestingScheduleIdForHolder
FNDA:1,recordTVL
FNDA:1,startQuarter
FNDA:1,distributeRewards
FNDA:0,issueTokens
FNDA:0,computeReleasableAmount
FNDA:4,vestingInternal
FNDA:1,calculateSum
FNDA:2,_authorizeUpgrade
DA:188,17
DA:189,16
DA:197,10
DA:198,9
DA:206,6
DA:207,5
DA:214,0
DA:215,0
DA:216,0
DA:236,56
DA:245,28
DA:246,28
DA:247,28
DA:248,28
DA:249,28
DA:250,28
DA:251,28
DA:252,28
DA:253,28
DA:254,28
DA:267,0
DA:268,0
DA:269,0
DA:270,0
DA:271,0
DA:273,0
DA:274,0
DA:275,0
DA:276,0
DA:277,0
DA:285,2
DA:293,0
DA:303,0
DA:311,1
DA:319,2
DA:320,0
DA:332,0
DA:340,0
DA:348,0
DA:368,3
DA:369,3
DA:377,3
DA:378,3
DA:379,3
DA:380,3
DA:382,3
DA:383,3
DA:399,1
DA:409,2
DA:410,1
DA:411,1
DA:412,1
DA:427,2
DA:428,2
DA:429,4
DA:431,2
DA:432,1
DA:443,1
DA:468,3
DA:469,3
DA:470,3
DA:478,1
DA:479,1
DA:487,1
DA:488,1
DA:501,0
DA:505,0
DA:506,0
DA:507,0
DA:508,0
DA:509,0
DA:511,0
DA:512,0
DA:514,0
DA:515,0
DA:517,0
DA:518,0
DA:526,1
DA:527,1
DA:534,1
DA:535,1
DA:544,1
DA:545,1
DA:546,1
DA:550,1
DA:551,1
DA:565,0
DA:566,0
DA:574,3
DA:582,0
DA:589,1
DA:593,1
DA:594,1
DA:595,0
DA:601,0
DA:603,0
DA:608,0
DA:610,0
DA:611,0
DA:613,0
DA:619,0
DA:621,0
DA:628,1
DA:629,1
DA:630,1
DA:631,1
DA:639,1
DA:640,1
DA:641,1
DA:642,1
DA:650,0
DA:651,0
DA:653,0
DA:655,0
DA:656,0
DA:657,0
DA:658,0
DA:660,0
DA:662,0
DA:663,0
DA:672,0
DA:673,0
DA:674,0
DA:676,0
DA:678,0
DA:679,0
DA:680,0
DA:681,0
DA:682,0
DA:683,0
DA:684,0
DA:709,4
DA:710,2
DA:711,2
DA:715,2
DA:716,0
DA:717,0
DA:718,0
DA:719,0
DA:720,0
DA:721,0
DA:733,0
DA:734,0
DA:735,0
DA:736,0
DA:737,0
DA:738,0
DA:740,0
DA:741,0
DA:743,0
DA:750,1
DA:751,1
DA:752,1
DA:753,1
DA:755,1
DA:758,2
DA:761,1
DA:762,1
DA:763,1
DA:764,1
DA:765,0
DA:767,0
DA:769,1
DA:770,1
DA:774,0
DA:782,2
LF:166
LH:84
BRDA:188,1,0,16
BRDA:188,1,1,1
BRDA:197,2,0,9
BRDA:197,2,1,1
BRDA:206,3,0,5
BRDA:206,3,1,1
BRDA:214,4,0,0
BRDA:214,4,1,0
BRDA:215,5,0,0
BRDA:215,5,1,0
BRDA:236,6,0,28
BRDA:236,6,1,28
BRDA:270,7,0,0
BRDA:270,7,1,0
BRDA:273,8,0,0
BRDA:273,8,1,0
BRDA:319,9,0,0
BRDA:319,9,1,2
BRDA:368,10,0,3
BRDA:368,10,1,0
BRDA:409,11,0,1
BRDA:409,11,1,1
BRDA:429,12,0,1
BRDA:429,12,1,3
BRDA:431,13,0,1
BRDA:431,13,1,1
BRDA:501,14,0,0
BRDA:501,14,1,0
BRDA:506,15,0,0
BRDA:506,15,1,0
BRDA:508,16,0,0
BRDA:508,16,1,0
BRDA:526,17,0,1
BRDA:526,17,1,0
BRDA:544,18,0,1
BRDA:544,18,1,0
BRDA:545,19,0,1
BRDA:545,19,1,0
BRDA:589,20,0,1
BRDA:589,20,1,0
BRDA:593,21,0,1
BRDA:593,21,1,0
BRDA:600,22,0,0
BRDA:600,22,1,0
BRDA:603,23,0,0
BRDA:603,23,1,0
BRDA:628,24,0,1
BRDA:628,24,1,0
BRDA:639,25,0,1
BRDA:639,25,1,0
BRDA:657,26,0,0
BRDA:657,26,1,0
BRDA:673,27,0,0
BRDA:673,27,1,0
BRDA:675,28,0,0
BRDA:675,28,1,0
BRDA:709,29,0,2
BRDA:709,29,1,2
BRDA:710,30,0,2
BRDA:710,30,1,0
BRDA:711,31,0,2
BRDA:711,31,1,0
BRDA:715,32,0,0
BRDA:715,32,1,2
BRDA:716,33,0,0
BRDA:716,33,1,0
BRDA:717,34,0,0
BRDA:717,34,1,0
BRDA:718,35,0,0
BRDA:718,35,1,0
BRDA:740,36,0,0
BRDA:740,36,1,0
BRDA:764,37,0,0
BRDA:764,37,1,1
BRDA:766,38,0,0
BRDA:766,38,1,1
BRDA:782,39,0,1
BRDA:782,39,1,1
BRF:78
BRH:32
end_of_record
TN:
SF:/Users/mr.d/Documents/Bru Finance/brufinancev2/upgradeable-contract/contracts/vesting/VestingBurn.sol
FN:61,burnTokensFromCategory
FN:75,exchangeTokens
FN:113,startExchange
FNF:3
FNH:3
FNDA:2,burnTokensFromCategory
FNDA:5,exchangeTokens
FNDA:5,startExchange
DA:62,2
DA:66,0
DA:67,0
DA:68,0
DA:76,5
DA:77,3
DA:82,2
DA:84,2
DA:85,1
DA:86,1
DA:88,1
DA:89,1
DA:90,1
DA:96,1
DA:114,5
DA:115,4
DA:116,3
DA:117,2
DA:118,2
DA:119,2
DA:120,2
DA:121,2
DA:122,2
DA:123,2
DA:124,2
DA:125,2
DA:126,2
LF:27
LH:24
BRDA:62,1,0,0
BRDA:62,1,1,2
BRDA:76,2,0,3
BRDA:76,2,1,2
BRDA:77,3,0,2
BRDA:77,3,1,1
BRDA:84,4,0,1
BRDA:84,4,1,1
BRDA:114,5,0,4
BRDA:114,5,1,1
BRDA:115,6,0,3
BRDA:115,6,1,1
BRDA:116,7,0,2
BRDA:116,7,1,1
BRF:14
BRH:13
end_of_record
TN:
SF:/Users/mr.d/Documents/Bru Finance/brufinancev2/upgradeable-contract/contracts/wallets/NIIMargin.sol
FN:69,onlyAdmin
FN:78,onlyUnClaimedWallet
FN:87,onlyPoolOrAdminOrBurnContract
FN:113,initialize
FN:146,sendAmount
FN:168,getCashFlowDetailsOfClaimId
FN:177,getBalance
FN:185,claimDividend
FN:208,startClaimPeriod
FN:218,stopClaimPeriod
FN:235,setCashFlowDetailsOfClaimId
FN:251,setCashFlowClaimedMapping
FN:263,transferFromReserve
FN:275,_authorizeUpgrade
FNF:14
FNH:10
FNDA:3,onlyAdmin
FNDA:1,onlyUnClaimedWallet
FNDA:6,onlyPoolOrAdminOrBurnContract
FNDA:56,initialize
FNDA:5,sendAmount
FNDA:0,getCashFlowDetailsOfClaimId
FNDA:1,getBalance
FNDA:0,claimDividend
FNDA:1,startClaimPeriod
FNDA:1,stopClaimPeriod
FNDA:0,setCashFlowDetailsOfClaimId
FNDA:0,setCashFlowClaimedMapping
FNDA:2,transferFromReserve
FNDA:2,_authorizeUpgrade
DA:70,3
DA:71,2
DA:79,1
DA:80,0
DA:88,6
DA:92,5
DA:114,56
DA:125,28
DA:126,28
DA:127,28
DA:128,28
DA:129,28
DA:130,28
DA:131,28
DA:132,28
DA:147,5
DA:151,5
DA:152,2
DA:153,2
DA:154,2
DA:156,3
DA:159,0
DA:169,0
DA:178,1
DA:179,1
DA:186,0
DA:187,0
DA:188,0
DA:192,0
DA:194,0
DA:195,0
DA:196,0
DA:197,0
DA:200,0
DA:209,1
DA:210,0
DA:211,0
DA:212,0
DA:219,1
DA:220,1
DA:221,1
DA:225,1
DA:237,0
DA:238,0
DA:252,0
DA:253,0
DA:268,2
DA:276,2
LF:48
LH:29
BRDA:70,1,0,2
BRDA:70,1,1,1
BRDA:79,2,0,0
BRDA:79,2,1,1
BRDA:88,3,0,5
BRDA:88,3,1,1
BRDA:114,4,0,28
BRDA:114,4,1,28
BRDA:147,5,0,5
BRDA:147,5,1,0
BRDA:151,6,0,2
BRDA:151,6,1,3
BRDA:186,7,0,0
BRDA:186,7,1,0
BRDA:187,8,0,0
BRDA:187,8,1,0
BRDA:194,9,0,0
BRDA:194,9,1,0
BRDA:276,10,0,1
BRDA:276,10,1,1
BRF:20
BRH:12
end_of_record
TN:
SF:/Users/mr.d/Documents/Bru Finance/brufinancev2/upgradeable-contract/contracts/wallets/ReserveWallet.sol
FN:23,onlyNIIWalletOrAdmin
FN:33,initialize
FN:44,getBalance
FN:60,transferTo
FN:69,_authorizeUpgrade
FNF:5
FNH:4
FNDA:6,onlyNIIWalletOrAdmin
FNDA:56,initialize
FNDA:0,getBalance
FNDA:5,transferTo
FNDA:2,_authorizeUpgrade
DA:24,6
DA:25,5
DA:34,56
DA:35,28
DA:36,28
DA:45,0
DA:46,0
DA:61,5
DA:62,3
DA:70,2
LF:10
LH:8
BRDA:24,1,0,5
BRDA:24,1,1,1
BRDA:34,2,0,28
BRDA:34,2,1,28
BRDA:61,3,0,3
BRDA:61,3,1,2
BRDA:70,4,0,1
BRDA:70,4,1,1
BRF:8
BRH:8
end_of_record
TN:
SF:/Users/mr.d/Documents/Bru Finance/brufinancev2/upgradeable-contract/contracts/wallets/UnclaimedCashflowWallet.sol
FN:42,onlyAdmin
FN:59,initialize
FN:78,claimUnClaimedDividend
FN:111,getBalance
FN:127,transferTo
FN:136,changeMaxAllowedUnClaimed
FN:145,_authorizeUpgrade
FNF:7
FNH:5
FNDA:3,onlyAdmin
FNDA:56,initialize
FNDA:0,claimUnClaimedDividend
FNDA:0,getBalance
FNDA:2,transferTo
FNDA:1,changeMaxAllowedUnClaimed
FNDA:2,_authorizeUpgrade
DA:43,3
DA:44,3
DA:60,56
DA:68,28
DA:69,28
DA:70,28
DA:71,28
DA:72,28
DA:79,0
DA:80,0
DA:81,0
DA:82,0
DA:83,0
DA:84,0
DA:86,0
DA:87,0
DA:88,0
DA:89,0
DA:90,0
DA:91,0
DA:93,0
DA:94,0
DA:95,0
DA:96,0
DA:97,0
DA:101,0
DA:102,0
DA:103,0
DA:112,0
DA:113,0
DA:128,2
DA:129,1
DA:137,1
DA:138,1
DA:146,2
LF:35
LH:13
BRDA:43,1,0,3
BRDA:43,1,1,0
BRDA:60,2,0,28
BRDA:60,2,1,28
BRDA:79,3,0,0
BRDA:79,3,1,0
BRDA:83,4,0,0
BRDA:83,4,1,0
BRDA:89,5,0,0
BRDA:89,5,1,0
BRDA:93,6,0,0
BRDA:93,6,1,0
BRDA:128,7,0,1
BRDA:128,7,1,1
BRDA:146,8,0,1
BRDA:146,8,1,1
BRF:16
BRH:7
end_of_record
